[ 2017-11-07T13:17:13+08:00 ] 127.0.0.1 /
INFO: [ app_init ] --START--
INFO: Run Behavior\BuildLiteBehavior [ RunTime:0.000031s ]
INFO: [ app_init ] --END-- [ RunTime:0.001540s ]
INFO: [ app_begin ] --START--
INFO: Run Behavior\ReadHtmlCacheBehavior [ RunTime:0.002427s ]
INFO: [ app_begin ] --END-- [ RunTime:0.002567s ]

[ 2017-11-07T13:17:13+08:00 ] 127.0.0.1 /favicon.ico
INFO: [ app_init ] --START--
INFO: Run Behavior\BuildLiteBehavior [ RunTime:0.000014s ]
INFO: [ app_init ] --END-- [ RunTime:0.000371s ]

[ 2017-11-07T13:29:24+08:00 ] 127.0.0.1 /
INFO: [ app_init ] --START--
INFO: Run Behavior\BuildLiteBehavior [ RunTime:0.000013s ]
INFO: [ app_init ] --END-- [ RunTime:0.000491s ]
INFO: [ app_begin ] --START--
INFO: Run Behavior\ReadHtmlCacheBehavior [ RunTime:0.000890s ]
INFO: [ app_begin ] --END-- [ RunTime:0.000962s ]
SQL: SELECT * FROM `jx_category`  [ RunTime:0.1206s ]
NOTIC: [2048] Declaration of Admin\Model\GoodsModel::_before_insert() should be compatible with Think\Model::_before_insert(&$data, $options) E:\practice\jxshop\Application\Admin\Model\GoodsModel.class.php 第 381 行.
NOTIC: [2048] Declaration of Admin\Model\GoodsModel::_after_insert() should be compatible with Think\Model::_after_insert($data, $options) E:\practice\jxshop\Application\Admin\Model\GoodsModel.class.php 第 381 行.
SQL: SHOW COLUMNS FROM `jx_goods` [ RunTime:0.0672s ]
SQL: SELECT * FROM `jx_goods` WHERE ( is_sale=1 and is_hot=1 ) ORDER BY id desc LIMIT 5   [ RunTime:0.0319s ]
SQL: SELECT * FROM `jx_goods` WHERE ( is_sale=1 and is_rec=1 ) ORDER BY id desc LIMIT 5   [ RunTime:0.0009s ]
SQL: SELECT * FROM `jx_goods` WHERE ( is_sale=1 and is_new=1 ) ORDER BY id desc LIMIT 5   [ RunTime:0.0008s ]
SQL: SELECT * FROM `jx_goods` WHERE ( is_sale=1 and cx_price>0 and start<1510032564 and end>1510032564 ) LIMIT 5   [ RunTime:0.0008s ]
SQL: SELECT * FROM `jx_category` WHERE ( parent_id=0 )  [ RunTime:0.0005s ]
SQL: SELECT * FROM `jx_category` WHERE ( parent_id=1 )  [ RunTime:0.0005s ]
SQL: SELECT * FROM `jx_category` WHERE ( isrec=1 and parent_id=1 )  [ RunTime:0.0006s ]
SQL: SELECT * FROM `jx_category`  [ RunTime:0.0004s ]
NOTIC: [8] Undefined variable: tree E:\practice\jxshop\Application\Admin\Model\CategoryModel.class.php 第 70 行.
SQL: SHOW COLUMNS FROM `jx_goods` [ RunTime:0.0145s ]
SQL: SELECT * FROM `jx_goods` WHERE ( is_sale=1 and cate_id in (18) ) LIMIT 8   [ RunTime:0.0009s ]
SQL: SELECT * FROM `jx_category` WHERE ( parent_id=6 )  [ RunTime:0.0005s ]
SQL: SELECT * FROM `jx_category` WHERE ( isrec=1 and parent_id=6 )  [ RunTime:0.0005s ]
INFO: [ view_parse ] --START--
INFO: [ template_filter ] --START--
INFO: Run Behavior\ContentReplaceBehavior [ RunTime:0.000291s ]
INFO: [ template_filter ] --END-- [ RunTime:0.000346s ]
INFO: Run Behavior\ParseTemplateBehavior [ RunTime:0.114410s ]
INFO: [ view_parse ] --END-- [ RunTime:0.114488s ]
INFO: [ view_filter ] --START--
INFO: Run Behavior\WriteHtmlCacheBehavior [ RunTime:0.031301s ]
INFO: [ view_filter ] --END-- [ RunTime:0.031358s ]
INFO: [ app_end ] --START--
INFO: Run Behavior\ShowPageTraceBehavior [ RunTime:0.001238s ]
INFO: [ app_end ] --END-- [ RunTime:0.001293s ]

[ 2017-11-07T13:29:24+08:00 ] 127.0.0.1 /Uploads/2017-10-27/thumb_59f2c077609a5.jpg
INFO: [ app_init ] --START--
INFO: Run Behavior\BuildLiteBehavior [ RunTime:0.000013s ]
INFO: [ app_init ] --END-- [ RunTime:0.000394s ]

[ 2017-11-07T13:29:24+08:00 ] 127.0.0.1 /Uploads/2017-11-03/59fc19fe009a3.jpg
INFO: [ app_init ] --START--
INFO: Run Behavior\BuildLiteBehavior [ RunTime:0.000013s ]
INFO: [ app_init ] --END-- [ RunTime:0.000383s ]

[ 2017-11-07T13:29:24+08:00 ] 127.0.0.1 /Uploads/2017-11-03/thumb_59fc19fe009a3.jpg
INFO: [ app_init ] --START--
INFO: Run Behavior\BuildLiteBehavior [ RunTime:0.000017s ]
INFO: [ app_init ] --END-- [ RunTime:0.000737s ]

[ 2017-11-07T13:29:24+08:00 ] 127.0.0.1 /Uploads/2017-10-27/59f2c077609a5.jpg
INFO: [ app_init ] --START--
INFO: Run Behavior\BuildLiteBehavior [ RunTime:0.000015s ]
INFO: [ app_init ] --END-- [ RunTime:0.000537s ]

[ 2017-11-07T13:29:24+08:00 ] 127.0.0.1 /
INFO: [ app_init ] --START--
INFO: Run Behavior\BuildLiteBehavior [ RunTime:0.000013s ]
INFO: [ app_init ] --END-- [ RunTime:0.000370s ]
INFO: [ app_begin ] --START--
INFO: Run Behavior\ReadHtmlCacheBehavior [ RunTime:0.000739s ]
INFO: [ app_begin ] --END-- [ RunTime:0.000798s ]
SQL: SELECT * FROM `jx_category`  [ RunTime:0.0002s ]
NOTIC: [2048] Declaration of Admin\Model\GoodsModel::_before_insert() should be compatible with Think\Model::_before_insert(&$data, $options) E:\practice\jxshop\Application\Admin\Model\GoodsModel.class.php 第 381 行.
NOTIC: [2048] Declaration of Admin\Model\GoodsModel::_after_insert() should be compatible with Think\Model::_after_insert($data, $options) E:\practice\jxshop\Application\Admin\Model\GoodsModel.class.php 第 381 行.
SQL: SHOW COLUMNS FROM `jx_goods` [ RunTime:0.0077s ]
SQL: SELECT * FROM `jx_goods` WHERE ( is_sale=1 and is_hot=1 ) ORDER BY id desc LIMIT 5   [ RunTime:0.0003s ]
SQL: SELECT * FROM `jx_goods` WHERE ( is_sale=1 and is_rec=1 ) ORDER BY id desc LIMIT 5   [ RunTime:0.0002s ]
SQL: SELECT * FROM `jx_goods` WHERE ( is_sale=1 and is_new=1 ) ORDER BY id desc LIMIT 5   [ RunTime:0.0002s ]
SQL: SELECT * FROM `jx_goods` WHERE ( is_sale=1 and cx_price>0 and start<1510032564 and end>1510032564 ) LIMIT 5   [ RunTime:0.0002s ]
SQL: SELECT * FROM `jx_category` WHERE ( parent_id=0 )  [ RunTime:0.0001s ]
SQL: SELECT * FROM `jx_category` WHERE ( parent_id=1 )  [ RunTime:0.0002s ]
SQL: SELECT * FROM `jx_category` WHERE ( isrec=1 and parent_id=1 )  [ RunTime:0.0002s ]
SQL: SELECT * FROM `jx_category`  [ RunTime:0.0002s ]
NOTIC: [8] Undefined variable: tree E:\practice\jxshop\Application\Admin\Model\CategoryModel.class.php 第 70 行.
SQL: SHOW COLUMNS FROM `jx_goods` [ RunTime:0.0086s ]
SQL: SELECT * FROM `jx_goods` WHERE ( is_sale=1 and cate_id in (18) ) LIMIT 8   [ RunTime:0.0002s ]
SQL: SELECT * FROM `jx_category` WHERE ( parent_id=6 )  [ RunTime:0.0002s ]
SQL: SELECT * FROM `jx_category` WHERE ( isrec=1 and parent_id=6 )  [ RunTime:0.0001s ]
INFO: [ view_parse ] --START--
INFO: [ template_filter ] --START--
INFO: Run Behavior\ContentReplaceBehavior [ RunTime:0.000367s ]
INFO: [ template_filter ] --END-- [ RunTime:0.000455s ]
INFO: Run Behavior\ParseTemplateBehavior [ RunTime:0.037024s ]
INFO: [ view_parse ] --END-- [ RunTime:0.037103s ]
INFO: [ view_filter ] --START--
INFO: Run Behavior\WriteHtmlCacheBehavior [ RunTime:0.001054s ]
INFO: [ view_filter ] --END-- [ RunTime:0.001123s ]
INFO: [ app_end ] --START--
INFO: Run Behavior\ShowPageTraceBehavior [ RunTime:0.001458s ]
INFO: [ app_end ] --END-- [ RunTime:0.001556s ]

