[ 2017-11-16T18:30:32+08:00 ] 127.0.0.1 /
INFO: [ app_init ] --START--
INFO: Run Behavior\BuildLiteBehavior [ RunTime:0.000034s ]
INFO: [ app_init ] --END-- [ RunTime:0.022998s ]
INFO: [ app_begin ] --START--
INFO: Run Behavior\ReadHtmlCacheBehavior [ RunTime:0.029261s ]
INFO: [ app_begin ] --END-- [ RunTime:0.029417s ]
SQL: SELECT * FROM `jx_category`  [ RunTime:0.0150s ]
NOTIC: [2048] Declaration of Admin\Model\GoodsModel::_before_insert() should be compatible with Think\Model::_before_insert(&$data, $options) E:\practice\jxshop\Application\Admin\Model\GoodsModel.class.php 第 381 行.
NOTIC: [2048] Declaration of Admin\Model\GoodsModel::_after_insert() should be compatible with Think\Model::_after_insert($data, $options) E:\practice\jxshop\Application\Admin\Model\GoodsModel.class.php 第 381 行.
SQL: SHOW COLUMNS FROM `jx_goods` [ RunTime:0.0336s ]
SQL: SELECT * FROM `jx_goods` WHERE ( is_sale=1 and is_hot=1 ) ORDER BY id desc LIMIT 5   [ RunTime:0.0013s ]
SQL: SELECT * FROM `jx_goods` WHERE ( is_sale=1 and is_rec=1 ) ORDER BY id desc LIMIT 5   [ RunTime:0.0010s ]
SQL: SELECT * FROM `jx_goods` WHERE ( is_sale=1 and is_new=1 ) ORDER BY id desc LIMIT 5   [ RunTime:0.0010s ]
SQL: SELECT * FROM `jx_goods` WHERE ( is_sale=1 and cx_price>0 and start<1510828232 and end>1510828232 ) LIMIT 5   [ RunTime:0.0011s ]
SQL: SELECT * FROM `jx_category` WHERE ( parent_id=0 )  [ RunTime:0.0006s ]
SQL: SELECT * FROM `jx_category` WHERE ( parent_id=1 )  [ RunTime:0.0005s ]
SQL: SELECT * FROM `jx_category` WHERE ( isrec=1 and parent_id=1 )  [ RunTime:0.0005s ]
SQL: SELECT * FROM `jx_category`  [ RunTime:0.0004s ]
NOTIC: [8] Undefined variable: tree E:\practice\jxshop\Application\Admin\Model\CategoryModel.class.php 第 70 行.
SQL: SHOW COLUMNS FROM `jx_goods` [ RunTime:0.0158s ]
SQL: SELECT * FROM `jx_goods` WHERE ( is_sale=1 and cate_id in (18) ) LIMIT 8   [ RunTime:0.0010s ]
SQL: SELECT * FROM `jx_category` WHERE ( parent_id=6 )  [ RunTime:0.0005s ]
SQL: SELECT * FROM `jx_category` WHERE ( isrec=1 and parent_id=6 )  [ RunTime:0.0004s ]
INFO: [ view_parse ] --START--
INFO: [ template_filter ] --START--
INFO: Run Behavior\ContentReplaceBehavior [ RunTime:0.009543s ]
INFO: [ template_filter ] --END-- [ RunTime:0.009614s ]
INFO: Run Behavior\ParseTemplateBehavior [ RunTime:0.216620s ]
INFO: [ view_parse ] --END-- [ RunTime:0.216737s ]
INFO: [ view_filter ] --START--
INFO: Run Behavior\WriteHtmlCacheBehavior [ RunTime:0.020624s ]
INFO: [ view_filter ] --END-- [ RunTime:0.020684s ]
INFO: [ app_end ] --START--
INFO: Run Behavior\ShowPageTraceBehavior [ RunTime:0.001241s ]
INFO: [ app_end ] --END-- [ RunTime:0.001299s ]

[ 2017-11-16T18:30:33+08:00 ] 127.0.0.1 /Uploads/2017-11-03/59fc19fe009a3.jpg
INFO: [ app_init ] --START--
INFO: Run Behavior\BuildLiteBehavior [ RunTime:0.000014s ]
INFO: [ app_init ] --END-- [ RunTime:0.000523s ]

[ 2017-11-16T18:30:33+08:00 ] 127.0.0.1 /Uploads/2017-10-27/thumb_59f2c077609a5.jpg
INFO: [ app_init ] --START--
INFO: Run Behavior\BuildLiteBehavior [ RunTime:0.000015s ]
INFO: [ app_init ] --END-- [ RunTime:0.000482s ]

[ 2017-11-16T18:30:33+08:00 ] 127.0.0.1 /Uploads/2017-11-03/thumb_59fc19fe009a3.jpg
INFO: [ app_init ] --START--
INFO: Run Behavior\BuildLiteBehavior [ RunTime:0.000018s ]
INFO: [ app_init ] --END-- [ RunTime:0.000482s ]

[ 2017-11-16T18:30:33+08:00 ] 127.0.0.1 /Uploads/2017-10-27/59f2c077609a5.jpg
INFO: [ app_init ] --START--
INFO: Run Behavior\BuildLiteBehavior [ RunTime:0.000019s ]
INFO: [ app_init ] --END-- [ RunTime:0.000537s ]

[ 2017-11-16T18:30:33+08:00 ] 127.0.0.1 /
INFO: [ app_init ] --START--
INFO: Run Behavior\BuildLiteBehavior [ RunTime:0.000019s ]
INFO: [ app_init ] --END-- [ RunTime:0.000573s ]
INFO: [ app_begin ] --START--
INFO: Run Behavior\ReadHtmlCacheBehavior [ RunTime:0.000799s ]
INFO: [ app_begin ] --END-- [ RunTime:0.000849s ]
SQL: SELECT * FROM `jx_category`  [ RunTime:0.0003s ]
NOTIC: [2048] Declaration of Admin\Model\GoodsModel::_before_insert() should be compatible with Think\Model::_before_insert(&$data, $options) E:\practice\jxshop\Application\Admin\Model\GoodsModel.class.php 第 381 行.
NOTIC: [2048] Declaration of Admin\Model\GoodsModel::_after_insert() should be compatible with Think\Model::_after_insert($data, $options) E:\practice\jxshop\Application\Admin\Model\GoodsModel.class.php 第 381 行.
SQL: SHOW COLUMNS FROM `jx_goods` [ RunTime:0.0081s ]
SQL: SELECT * FROM `jx_goods` WHERE ( is_sale=1 and is_hot=1 ) ORDER BY id desc LIMIT 5   [ RunTime:0.0003s ]
SQL: SELECT * FROM `jx_goods` WHERE ( is_sale=1 and is_rec=1 ) ORDER BY id desc LIMIT 5   [ RunTime:0.0003s ]
SQL: SELECT * FROM `jx_goods` WHERE ( is_sale=1 and is_new=1 ) ORDER BY id desc LIMIT 5   [ RunTime:0.0002s ]
SQL: SELECT * FROM `jx_goods` WHERE ( is_sale=1 and cx_price>0 and start<1510828233 and end>1510828233 ) LIMIT 5   [ RunTime:0.0006s ]
SQL: SELECT * FROM `jx_category` WHERE ( parent_id=0 )  [ RunTime:0.0001s ]
SQL: SELECT * FROM `jx_category` WHERE ( parent_id=1 )  [ RunTime:0.0001s ]
SQL: SELECT * FROM `jx_category` WHERE ( isrec=1 and parent_id=1 )  [ RunTime:0.0001s ]
SQL: SELECT * FROM `jx_category`  [ RunTime:0.0002s ]
NOTIC: [8] Undefined variable: tree E:\practice\jxshop\Application\Admin\Model\CategoryModel.class.php 第 70 行.
SQL: SHOW COLUMNS FROM `jx_goods` [ RunTime:0.0074s ]
SQL: SELECT * FROM `jx_goods` WHERE ( is_sale=1 and cate_id in (18) ) LIMIT 8   [ RunTime:0.0002s ]
SQL: SELECT * FROM `jx_category` WHERE ( parent_id=6 )  [ RunTime:0.0001s ]
SQL: SELECT * FROM `jx_category` WHERE ( isrec=1 and parent_id=6 )  [ RunTime:0.0001s ]
INFO: [ view_parse ] --START--
INFO: [ template_filter ] --START--
INFO: Run Behavior\ContentReplaceBehavior [ RunTime:0.000343s ]
INFO: [ template_filter ] --END-- [ RunTime:0.000428s ]
INFO: Run Behavior\ParseTemplateBehavior [ RunTime:0.037097s ]
INFO: [ view_parse ] --END-- [ RunTime:0.037172s ]
INFO: [ view_filter ] --START--
INFO: Run Behavior\WriteHtmlCacheBehavior [ RunTime:0.000979s ]
INFO: [ view_filter ] --END-- [ RunTime:0.001054s ]
INFO: [ app_end ] --START--
INFO: Run Behavior\ShowPageTraceBehavior [ RunTime:0.001411s ]
INFO: [ app_end ] --END-- [ RunTime:0.001492s ]

[ 2017-11-16T18:30:33+08:00 ] 127.0.0.1 /favicon.ico
INFO: [ app_init ] --START--
INFO: Run Behavior\BuildLiteBehavior [ RunTime:0.000015s ]
INFO: [ app_init ] --END-- [ RunTime:0.000418s ]

