[ 2017-11-08T18:34:35+08:00 ] 127.0.0.1 /
INFO: [ app_init ] --START--
INFO: Run Behavior\BuildLiteBehavior [ RunTime:0.000030s ]
INFO: [ app_init ] --END-- [ RunTime:0.006838s ]
INFO: [ app_begin ] --START--
INFO: Run Behavior\ReadHtmlCacheBehavior [ RunTime:0.011525s ]
INFO: [ app_begin ] --END-- [ RunTime:0.011659s ]
SQL: SELECT * FROM `jx_category`  [ RunTime:0.0183s ]
NOTIC: [2048] Declaration of Admin\Model\GoodsModel::_before_insert() should be compatible with Think\Model::_before_insert(&$data, $options) E:\practice\jxshop\Application\Admin\Model\GoodsModel.class.php 第 381 行.
NOTIC: [2048] Declaration of Admin\Model\GoodsModel::_after_insert() should be compatible with Think\Model::_after_insert($data, $options) E:\practice\jxshop\Application\Admin\Model\GoodsModel.class.php 第 381 行.
SQL: SHOW COLUMNS FROM `jx_goods` [ RunTime:0.0336s ]
SQL: SELECT * FROM `jx_goods` WHERE ( is_sale=1 and is_hot=1 ) ORDER BY id desc LIMIT 5   [ RunTime:0.0012s ]
SQL: SELECT * FROM `jx_goods` WHERE ( is_sale=1 and is_rec=1 ) ORDER BY id desc LIMIT 5   [ RunTime:0.0010s ]
SQL: SELECT * FROM `jx_goods` WHERE ( is_sale=1 and is_new=1 ) ORDER BY id desc LIMIT 5   [ RunTime:0.0009s ]
SQL: SELECT * FROM `jx_goods` WHERE ( is_sale=1 and cx_price>0 and start<1510137274 and end>1510137274 ) LIMIT 5   [ RunTime:0.0009s ]
SQL: SELECT * FROM `jx_category` WHERE ( parent_id=0 )  [ RunTime:0.0006s ]
SQL: SELECT * FROM `jx_category` WHERE ( parent_id=1 )  [ RunTime:0.0005s ]
SQL: SELECT * FROM `jx_category` WHERE ( isrec=1 and parent_id=1 )  [ RunTime:0.0006s ]
SQL: SELECT * FROM `jx_category`  [ RunTime:0.0005s ]
NOTIC: [8] Undefined variable: tree E:\practice\jxshop\Application\Admin\Model\CategoryModel.class.php 第 70 行.
SQL: SHOW COLUMNS FROM `jx_goods` [ RunTime:0.0135s ]
SQL: SELECT * FROM `jx_goods` WHERE ( is_sale=1 and cate_id in (18) ) LIMIT 8   [ RunTime:0.0010s ]
SQL: SELECT * FROM `jx_category` WHERE ( parent_id=6 )  [ RunTime:0.0003s ]
SQL: SELECT * FROM `jx_category` WHERE ( isrec=1 and parent_id=6 )  [ RunTime:0.0003s ]
INFO: [ view_parse ] --START--
INFO: [ template_filter ] --START--
INFO: Run Behavior\ContentReplaceBehavior [ RunTime:0.033290s ]
INFO: [ template_filter ] --END-- [ RunTime:0.033363s ]
INFO: Run Behavior\ParseTemplateBehavior [ RunTime:0.187923s ]
INFO: [ view_parse ] --END-- [ RunTime:0.187981s ]
INFO: [ view_filter ] --START--
INFO: Run Behavior\WriteHtmlCacheBehavior [ RunTime:0.012948s ]
INFO: [ view_filter ] --END-- [ RunTime:0.013004s ]
INFO: [ app_end ] --START--
INFO: Run Behavior\ShowPageTraceBehavior [ RunTime:0.001372s ]
INFO: [ app_end ] --END-- [ RunTime:0.001431s ]

[ 2017-11-08T18:34:35+08:00 ] 127.0.0.1 /
INFO: [ app_init ] --START--
INFO: Run Behavior\BuildLiteBehavior [ RunTime:0.000015s ]
INFO: [ app_init ] --END-- [ RunTime:0.000492s ]
INFO: [ app_begin ] --START--
INFO: Run Behavior\ReadHtmlCacheBehavior [ RunTime:0.000776s ]
INFO: [ app_begin ] --END-- [ RunTime:0.000826s ]
SQL: SELECT * FROM `jx_category`  [ RunTime:0.0003s ]
NOTIC: [2048] Declaration of Admin\Model\GoodsModel::_before_insert() should be compatible with Think\Model::_before_insert(&$data, $options) E:\practice\jxshop\Application\Admin\Model\GoodsModel.class.php 第 381 行.
NOTIC: [2048] Declaration of Admin\Model\GoodsModel::_after_insert() should be compatible with Think\Model::_after_insert($data, $options) E:\practice\jxshop\Application\Admin\Model\GoodsModel.class.php 第 381 行.
SQL: SHOW COLUMNS FROM `jx_goods` [ RunTime:0.0079s ]
SQL: SELECT * FROM `jx_goods` WHERE ( is_sale=1 and is_hot=1 ) ORDER BY id desc LIMIT 5   [ RunTime:0.0003s ]
SQL: SELECT * FROM `jx_goods` WHERE ( is_sale=1 and is_rec=1 ) ORDER BY id desc LIMIT 5   [ RunTime:0.0003s ]
SQL: SELECT * FROM `jx_goods` WHERE ( is_sale=1 and is_new=1 ) ORDER BY id desc LIMIT 5   [ RunTime:0.0003s ]
SQL: SELECT * FROM `jx_goods` WHERE ( is_sale=1 and cx_price>0 and start<1510137275 and end>1510137275 ) LIMIT 5   [ RunTime:0.0006s ]
SQL: SELECT * FROM `jx_category` WHERE ( parent_id=0 )  [ RunTime:0.0002s ]
SQL: SELECT * FROM `jx_category` WHERE ( parent_id=1 )  [ RunTime:0.0003s ]
SQL: SELECT * FROM `jx_category` WHERE ( isrec=1 and parent_id=1 )  [ RunTime:0.0002s ]
SQL: SELECT * FROM `jx_category`  [ RunTime:0.0003s ]
NOTIC: [8] Undefined variable: tree E:\practice\jxshop\Application\Admin\Model\CategoryModel.class.php 第 70 行.
SQL: SHOW COLUMNS FROM `jx_goods` [ RunTime:0.0067s ]
SQL: SELECT * FROM `jx_goods` WHERE ( is_sale=1 and cate_id in (18) ) LIMIT 8   [ RunTime:0.0003s ]
SQL: SELECT * FROM `jx_category` WHERE ( parent_id=6 )  [ RunTime:0.0002s ]
SQL: SELECT * FROM `jx_category` WHERE ( isrec=1 and parent_id=6 )  [ RunTime:0.0002s ]
INFO: [ view_parse ] --START--
INFO: [ template_filter ] --START--
INFO: Run Behavior\ContentReplaceBehavior [ RunTime:0.000250s ]
INFO: [ template_filter ] --END-- [ RunTime:0.000335s ]
INFO: Run Behavior\ParseTemplateBehavior [ RunTime:0.027690s ]
INFO: [ view_parse ] --END-- [ RunTime:0.027746s ]
INFO: [ view_filter ] --START--
INFO: Run Behavior\WriteHtmlCacheBehavior [ RunTime:0.000666s ]
INFO: [ view_filter ] --END-- [ RunTime:0.000703s ]
INFO: [ app_end ] --START--
INFO: Run Behavior\ShowPageTraceBehavior [ RunTime:0.000926s ]
INFO: [ app_end ] --END-- [ RunTime:0.000978s ]

[ 2017-11-08T18:34:35+08:00 ] 127.0.0.1 /Uploads/2017-11-03/thumb_59fc19fe009a3.jpg
INFO: [ app_init ] --START--
INFO: Run Behavior\BuildLiteBehavior [ RunTime:0.000024s ]
INFO: [ app_init ] --END-- [ RunTime:0.000881s ]

[ 2017-11-08T18:34:35+08:00 ] 127.0.0.1 /Uploads/2017-10-27/thumb_59f2c077609a5.jpg
INFO: [ app_init ] --START--
INFO: Run Behavior\BuildLiteBehavior [ RunTime:0.000020s ]
INFO: [ app_init ] --END-- [ RunTime:0.000579s ]

[ 2017-11-08T18:34:35+08:00 ] 127.0.0.1 /Uploads/2017-11-03/59fc19fe009a3.jpg
INFO: [ app_init ] --START--
INFO: Run Behavior\BuildLiteBehavior [ RunTime:0.000014s ]
INFO: [ app_init ] --END-- [ RunTime:0.000511s ]

[ 2017-11-08T18:34:35+08:00 ] 127.0.0.1 /Uploads/2017-10-27/59f2c077609a5.jpg
INFO: [ app_init ] --START--
INFO: Run Behavior\BuildLiteBehavior [ RunTime:0.000013s ]
INFO: [ app_init ] --END-- [ RunTime:0.000473s ]

[ 2017-11-08T18:34:36+08:00 ] 127.0.0.1 /favicon.ico
INFO: [ app_init ] --START--
INFO: Run Behavior\BuildLiteBehavior [ RunTime:0.000019s ]
INFO: [ app_init ] --END-- [ RunTime:0.000554s ]

