[ 2017-11-12T18:18:55+08:00 ] 127.0.0.1 /
INFO: [ app_init ] --START--
INFO: Run Behavior\BuildLiteBehavior [ RunTime:0.000031s ]
INFO: [ app_init ] --END-- [ RunTime:0.006726s ]
INFO: [ app_begin ] --START--
INFO: Run Behavior\ReadHtmlCacheBehavior [ RunTime:0.011707s ]
INFO: [ app_begin ] --END-- [ RunTime:0.011861s ]
SQL: SELECT * FROM `jx_category`  [ RunTime:0.0215s ]
NOTIC: [2048] Declaration of Admin\Model\GoodsModel::_before_insert() should be compatible with Think\Model::_before_insert(&$data, $options) E:\practice\jxshop\Application\Admin\Model\GoodsModel.class.php 第 381 行.
NOTIC: [2048] Declaration of Admin\Model\GoodsModel::_after_insert() should be compatible with Think\Model::_after_insert($data, $options) E:\practice\jxshop\Application\Admin\Model\GoodsModel.class.php 第 381 行.
SQL: SHOW COLUMNS FROM `jx_goods` [ RunTime:0.0347s ]
SQL: SELECT * FROM `jx_goods` WHERE ( is_sale=1 and is_hot=1 ) ORDER BY id desc LIMIT 5   [ RunTime:0.0012s ]
SQL: SELECT * FROM `jx_goods` WHERE ( is_sale=1 and is_rec=1 ) ORDER BY id desc LIMIT 5   [ RunTime:0.0010s ]
SQL: SELECT * FROM `jx_goods` WHERE ( is_sale=1 and is_new=1 ) ORDER BY id desc LIMIT 5   [ RunTime:0.0009s ]
SQL: SELECT * FROM `jx_goods` WHERE ( is_sale=1 and cx_price>0 and start<1510481935 and end>1510481935 ) LIMIT 5   [ RunTime:0.0010s ]
SQL: SELECT * FROM `jx_category` WHERE ( parent_id=0 )  [ RunTime:0.0007s ]
SQL: SELECT * FROM `jx_category` WHERE ( parent_id=1 )  [ RunTime:0.0006s ]
SQL: SELECT * FROM `jx_category` WHERE ( isrec=1 and parent_id=1 )  [ RunTime:0.0006s ]
SQL: SELECT * FROM `jx_category`  [ RunTime:0.0005s ]
NOTIC: [8] Undefined variable: tree E:\practice\jxshop\Application\Admin\Model\CategoryModel.class.php 第 70 行.
SQL: SHOW COLUMNS FROM `jx_goods` [ RunTime:0.0150s ]
SQL: SELECT * FROM `jx_goods` WHERE ( is_sale=1 and cate_id in (18) ) LIMIT 8   [ RunTime:0.0011s ]
SQL: SELECT * FROM `jx_category` WHERE ( parent_id=6 )  [ RunTime:0.0006s ]
SQL: SELECT * FROM `jx_category` WHERE ( isrec=1 and parent_id=6 )  [ RunTime:0.0004s ]
INFO: [ view_parse ] --START--
INFO: [ template_filter ] --START--
INFO: Run Behavior\ContentReplaceBehavior [ RunTime:0.022150s ]
INFO: [ template_filter ] --END-- [ RunTime:0.022226s ]
INFO: Run Behavior\ParseTemplateBehavior [ RunTime:0.149770s ]
INFO: [ view_parse ] --END-- [ RunTime:0.149857s ]
INFO: [ view_filter ] --START--
INFO: Run Behavior\WriteHtmlCacheBehavior [ RunTime:0.012692s ]
INFO: [ view_filter ] --END-- [ RunTime:0.012748s ]
INFO: [ app_end ] --START--
INFO: Run Behavior\ShowPageTraceBehavior [ RunTime:0.001196s ]
INFO: [ app_end ] --END-- [ RunTime:0.001252s ]

[ 2017-11-12T18:18:55+08:00 ] 127.0.0.1 /Uploads/2017-11-03/59fc19fe009a3.jpg
INFO: [ app_init ] --START--
INFO: Run Behavior\BuildLiteBehavior [ RunTime:0.000014s ]
INFO: [ app_init ] --END-- [ RunTime:0.000538s ]

[ 2017-11-12T18:18:55+08:00 ] 127.0.0.1 /Uploads/2017-11-03/thumb_59fc19fe009a3.jpg
INFO: [ app_init ] --START--
INFO: Run Behavior\BuildLiteBehavior [ RunTime:0.000014s ]
INFO: [ app_init ] --END-- [ RunTime:0.000487s ]

[ 2017-11-12T18:18:55+08:00 ] 127.0.0.1 /Uploads/2017-10-27/thumb_59f2c077609a5.jpg
INFO: [ app_init ] --START--
INFO: Run Behavior\BuildLiteBehavior [ RunTime:0.000023s ]
INFO: [ app_init ] --END-- [ RunTime:0.000555s ]

[ 2017-11-12T18:18:55+08:00 ] 127.0.0.1 /Uploads/2017-10-27/59f2c077609a5.jpg
INFO: [ app_init ] --START--
INFO: Run Behavior\BuildLiteBehavior [ RunTime:0.000020s ]
INFO: [ app_init ] --END-- [ RunTime:0.000584s ]

[ 2017-11-12T18:18:55+08:00 ] 127.0.0.1 /
INFO: [ app_init ] --START--
INFO: Run Behavior\BuildLiteBehavior [ RunTime:0.000013s ]
INFO: [ app_init ] --END-- [ RunTime:0.000488s ]
INFO: [ app_begin ] --START--
INFO: Run Behavior\ReadHtmlCacheBehavior [ RunTime:0.000737s ]
INFO: [ app_begin ] --END-- [ RunTime:0.000784s ]
SQL: SELECT * FROM `jx_category`  [ RunTime:0.0003s ]
NOTIC: [2048] Declaration of Admin\Model\GoodsModel::_before_insert() should be compatible with Think\Model::_before_insert(&$data, $options) E:\practice\jxshop\Application\Admin\Model\GoodsModel.class.php 第 381 行.
NOTIC: [2048] Declaration of Admin\Model\GoodsModel::_after_insert() should be compatible with Think\Model::_after_insert($data, $options) E:\practice\jxshop\Application\Admin\Model\GoodsModel.class.php 第 381 行.
SQL: SHOW COLUMNS FROM `jx_goods` [ RunTime:0.0071s ]
SQL: SELECT * FROM `jx_goods` WHERE ( is_sale=1 and is_hot=1 ) ORDER BY id desc LIMIT 5   [ RunTime:0.0003s ]
SQL: SELECT * FROM `jx_goods` WHERE ( is_sale=1 and is_rec=1 ) ORDER BY id desc LIMIT 5   [ RunTime:0.0003s ]
SQL: SELECT * FROM `jx_goods` WHERE ( is_sale=1 and is_new=1 ) ORDER BY id desc LIMIT 5   [ RunTime:0.0003s ]
SQL: SELECT * FROM `jx_goods` WHERE ( is_sale=1 and cx_price>0 and start<1510481935 and end>1510481935 ) LIMIT 5   [ RunTime:0.0002s ]
SQL: SELECT * FROM `jx_category` WHERE ( parent_id=0 )  [ RunTime:0.0002s ]
SQL: SELECT * FROM `jx_category` WHERE ( parent_id=1 )  [ RunTime:0.0002s ]
SQL: SELECT * FROM `jx_category` WHERE ( isrec=1 and parent_id=1 )  [ RunTime:0.0001s ]
SQL: SELECT * FROM `jx_category`  [ RunTime:0.0002s ]
NOTIC: [8] Undefined variable: tree E:\practice\jxshop\Application\Admin\Model\CategoryModel.class.php 第 70 行.
SQL: SHOW COLUMNS FROM `jx_goods` [ RunTime:0.0067s ]
SQL: SELECT * FROM `jx_goods` WHERE ( is_sale=1 and cate_id in (18) ) LIMIT 8   [ RunTime:0.0002s ]
SQL: SELECT * FROM `jx_category` WHERE ( parent_id=6 )  [ RunTime:0.0001s ]
SQL: SELECT * FROM `jx_category` WHERE ( isrec=1 and parent_id=6 )  [ RunTime:0.0001s ]
INFO: [ view_parse ] --START--
INFO: [ template_filter ] --START--
INFO: Run Behavior\ContentReplaceBehavior [ RunTime:0.000270s ]
INFO: [ template_filter ] --END-- [ RunTime:0.000346s ]
INFO: Run Behavior\ParseTemplateBehavior [ RunTime:0.028732s ]
INFO: [ view_parse ] --END-- [ RunTime:0.028800s ]
INFO: [ view_filter ] --START--
INFO: Run Behavior\WriteHtmlCacheBehavior [ RunTime:0.000718s ]
INFO: [ view_filter ] --END-- [ RunTime:0.000758s ]
INFO: [ app_end ] --START--
INFO: Run Behavior\ShowPageTraceBehavior [ RunTime:0.000911s ]
INFO: [ app_end ] --END-- [ RunTime:0.000963s ]

[ 2017-11-12T18:18:55+08:00 ] 127.0.0.1 /favicon.ico
INFO: [ app_init ] --START--
INFO: Run Behavior\BuildLiteBehavior [ RunTime:0.000015s ]
INFO: [ app_init ] --END-- [ RunTime:0.000460s ]

[ 2017-11-12T18:19:09+08:00 ] 127.0.0.1 /Category/index.html
INFO: [ app_init ] --START--
INFO: Run Behavior\BuildLiteBehavior [ RunTime:0.000016s ]
INFO: [ app_init ] --END-- [ RunTime:0.000444s ]
INFO: [ app_begin ] --START--
INFO: Run Behavior\ReadHtmlCacheBehavior [ RunTime:0.000480s ]
INFO: [ app_begin ] --END-- [ RunTime:0.000527s ]
SQL: SELECT * FROM `jx_category`  [ RunTime:0.0002s ]
NOTIC: [2048] Declaration of Admin\Model\GoodsModel::_before_insert() should be compatible with Think\Model::_before_insert(&$data, $options) E:\practice\jxshop\Application\Admin\Model\GoodsModel.class.php 第 381 行.
NOTIC: [2048] Declaration of Admin\Model\GoodsModel::_after_insert() should be compatible with Think\Model::_after_insert($data, $options) E:\practice\jxshop\Application\Admin\Model\GoodsModel.class.php 第 381 行.
SQL: SHOW COLUMNS FROM `jx_goods` [ RunTime:0.0067s ]
SQL: SELECT * FROM `jx_category`  [ RunTime:0.0002s ]
NOTIC: [8] Undefined variable: tree E:\practice\jxshop\Application\Admin\Model\CategoryModel.class.php 第 70 行.
ERR: 1064:You have an error in your SQL syntax; check the manual that corresponds to your MySQL server version for the right syntax to use near ') ) LIMIT 1' at line 1
 [ SQL语句 ] : SELECT max(shop_price) max_price,min(shop_price) min_price,count(id) goods_count,group_concat(id) goods_ids FROM `jx_goods` WHERE ( is_sale=1 and cate_id in () ) LIMIT 1  
ERR: 1064:You have an error in your SQL syntax; check the manual that corresponds to your MySQL server version for the right syntax to use near ') ) LIMIT 1' at line 1
 [ SQL语句 ] : SELECT max(shop_price) max_price,min(shop_price) min_price,count(id) goods_count,group_concat(id) goods_ids FROM `jx_goods` WHERE ( is_sale=1 and cate_id in () ) LIMIT 1  

[ 2017-11-12T19:12:04+08:00 ] 127.0.0.1 /
INFO: [ app_init ] --START--
INFO: Run Behavior\BuildLiteBehavior [ RunTime:0.000018s ]
INFO: [ app_init ] --END-- [ RunTime:0.000613s ]
INFO: [ app_begin ] --START--
INFO: Run Behavior\ReadHtmlCacheBehavior [ RunTime:0.000967s ]
INFO: [ app_begin ] --END-- [ RunTime:0.001031s ]
SQL: SELECT * FROM `jx_category`  [ RunTime:0.0002s ]
NOTIC: [2048] Declaration of Admin\Model\GoodsModel::_before_insert() should be compatible with Think\Model::_before_insert(&$data, $options) E:\practice\jxshop\Application\Admin\Model\GoodsModel.class.php 第 381 行.
NOTIC: [2048] Declaration of Admin\Model\GoodsModel::_after_insert() should be compatible with Think\Model::_after_insert($data, $options) E:\practice\jxshop\Application\Admin\Model\GoodsModel.class.php 第 381 行.
SQL: SHOW COLUMNS FROM `jx_goods` [ RunTime:0.0066s ]
SQL: SELECT * FROM `jx_goods` WHERE ( is_sale=1 and is_hot=1 ) ORDER BY id desc LIMIT 5   [ RunTime:0.0003s ]
SQL: SELECT * FROM `jx_goods` WHERE ( is_sale=1 and is_rec=1 ) ORDER BY id desc LIMIT 5   [ RunTime:0.0002s ]
SQL: SELECT * FROM `jx_goods` WHERE ( is_sale=1 and is_new=1 ) ORDER BY id desc LIMIT 5   [ RunTime:0.0002s ]
SQL: SELECT * FROM `jx_goods` WHERE ( is_sale=1 and cx_price>0 and start<1510485124 and end>1510485124 ) LIMIT 5   [ RunTime:0.0005s ]
SQL: SELECT * FROM `jx_category` WHERE ( parent_id=0 )  [ RunTime:0.0002s ]
SQL: SELECT * FROM `jx_category` WHERE ( parent_id=1 )  [ RunTime:0.0002s ]
SQL: SELECT * FROM `jx_category` WHERE ( isrec=1 and parent_id=1 )  [ RunTime:0.0002s ]
SQL: SELECT * FROM `jx_category`  [ RunTime:0.0002s ]
NOTIC: [8] Undefined variable: tree E:\practice\jxshop\Application\Admin\Model\CategoryModel.class.php 第 70 行.
SQL: SHOW COLUMNS FROM `jx_goods` [ RunTime:0.0063s ]
SQL: SELECT * FROM `jx_goods` WHERE ( is_sale=1 and cate_id in (18) ) LIMIT 8   [ RunTime:0.0002s ]
SQL: SELECT * FROM `jx_category` WHERE ( parent_id=6 )  [ RunTime:0.0002s ]
SQL: SELECT * FROM `jx_category` WHERE ( isrec=1 and parent_id=6 )  [ RunTime:0.0001s ]
INFO: [ view_parse ] --START--
INFO: [ template_filter ] --START--
INFO: Run Behavior\ContentReplaceBehavior [ RunTime:0.000249s ]
INFO: [ template_filter ] --END-- [ RunTime:0.000302s ]
INFO: Run Behavior\ParseTemplateBehavior [ RunTime:0.027722s ]
INFO: [ view_parse ] --END-- [ RunTime:0.027775s ]
INFO: [ view_filter ] --START--
INFO: Run Behavior\WriteHtmlCacheBehavior [ RunTime:0.000682s ]
INFO: [ view_filter ] --END-- [ RunTime:0.000720s ]
INFO: [ app_end ] --START--
INFO: Run Behavior\ShowPageTraceBehavior [ RunTime:0.001064s ]
INFO: [ app_end ] --END-- [ RunTime:0.001118s ]

[ 2017-11-12T19:12:04+08:00 ] 127.0.0.1 /Uploads/2017-10-27/thumb_59f2c077609a5.jpg
INFO: [ app_init ] --START--
INFO: Run Behavior\BuildLiteBehavior [ RunTime:0.000019s ]
INFO: [ app_init ] --END-- [ RunTime:0.000566s ]

[ 2017-11-12T19:12:04+08:00 ] 127.0.0.1 /Uploads/2017-11-03/thumb_59fc19fe009a3.jpg
INFO: [ app_init ] --START--
INFO: Run Behavior\BuildLiteBehavior [ RunTime:0.000012s ]
INFO: [ app_init ] --END-- [ RunTime:0.000404s ]

[ 2017-11-12T19:12:04+08:00 ] 127.0.0.1 /Uploads/2017-11-03/59fc19fe009a3.jpg
INFO: [ app_init ] --START--
INFO: Run Behavior\BuildLiteBehavior [ RunTime:0.000013s ]
INFO: [ app_init ] --END-- [ RunTime:0.000573s ]

[ 2017-11-12T19:12:04+08:00 ] 127.0.0.1 /Uploads/2017-10-27/59f2c077609a5.jpg
INFO: [ app_init ] --START--
INFO: Run Behavior\BuildLiteBehavior [ RunTime:0.000023s ]
INFO: [ app_init ] --END-- [ RunTime:0.000709s ]

[ 2017-11-12T19:12:04+08:00 ] 127.0.0.1 /
INFO: [ app_init ] --START--
INFO: Run Behavior\BuildLiteBehavior [ RunTime:0.000022s ]
INFO: [ app_init ] --END-- [ RunTime:0.000725s ]
INFO: [ app_begin ] --START--
INFO: Run Behavior\ReadHtmlCacheBehavior [ RunTime:0.001037s ]
INFO: [ app_begin ] --END-- [ RunTime:0.001112s ]
SQL: SELECT * FROM `jx_category`  [ RunTime:0.0003s ]
NOTIC: [2048] Declaration of Admin\Model\GoodsModel::_before_insert() should be compatible with Think\Model::_before_insert(&$data, $options) E:\practice\jxshop\Application\Admin\Model\GoodsModel.class.php 第 381 行.
NOTIC: [2048] Declaration of Admin\Model\GoodsModel::_after_insert() should be compatible with Think\Model::_after_insert($data, $options) E:\practice\jxshop\Application\Admin\Model\GoodsModel.class.php 第 381 行.
SQL: SHOW COLUMNS FROM `jx_goods` [ RunTime:0.0074s ]
SQL: SELECT * FROM `jx_goods` WHERE ( is_sale=1 and is_hot=1 ) ORDER BY id desc LIMIT 5   [ RunTime:0.0002s ]
SQL: SELECT * FROM `jx_goods` WHERE ( is_sale=1 and is_rec=1 ) ORDER BY id desc LIMIT 5   [ RunTime:0.0001s ]
SQL: SELECT * FROM `jx_goods` WHERE ( is_sale=1 and is_new=1 ) ORDER BY id desc LIMIT 5   [ RunTime:0.0001s ]
SQL: SELECT * FROM `jx_goods` WHERE ( is_sale=1 and cx_price>0 and start<1510485124 and end>1510485124 ) LIMIT 5   [ RunTime:0.0001s ]
SQL: SELECT * FROM `jx_category` WHERE ( parent_id=0 )  [ RunTime:0.0001s ]
SQL: SELECT * FROM `jx_category` WHERE ( parent_id=1 )  [ RunTime:0.0001s ]
SQL: SELECT * FROM `jx_category` WHERE ( isrec=1 and parent_id=1 )  [ RunTime:0.0001s ]
SQL: SELECT * FROM `jx_category`  [ RunTime:0.0001s ]
NOTIC: [8] Undefined variable: tree E:\practice\jxshop\Application\Admin\Model\CategoryModel.class.php 第 70 行.
SQL: SHOW COLUMNS FROM `jx_goods` [ RunTime:0.0062s ]
SQL: SELECT * FROM `jx_goods` WHERE ( is_sale=1 and cate_id in (18) ) LIMIT 8   [ RunTime:0.0001s ]
SQL: SELECT * FROM `jx_category` WHERE ( parent_id=6 )  [ RunTime:0.0001s ]
SQL: SELECT * FROM `jx_category` WHERE ( isrec=1 and parent_id=6 )  [ RunTime:0.0001s ]
INFO: [ view_parse ] --START--
INFO: [ template_filter ] --START--
INFO: Run Behavior\ContentReplaceBehavior [ RunTime:0.000261s ]
INFO: [ template_filter ] --END-- [ RunTime:0.000326s ]
INFO: Run Behavior\ParseTemplateBehavior [ RunTime:0.027415s ]
INFO: [ view_parse ] --END-- [ RunTime:0.027473s ]
INFO: [ view_filter ] --START--
INFO: Run Behavior\WriteHtmlCacheBehavior [ RunTime:0.000693s ]
INFO: [ view_filter ] --END-- [ RunTime:0.000732s ]
INFO: [ app_end ] --START--
INFO: Run Behavior\ShowPageTraceBehavior [ RunTime:0.001040s ]
INFO: [ app_end ] --END-- [ RunTime:0.001109s ]

[ 2017-11-12T19:12:28+08:00 ] 127.0.0.1 /User/login.html
INFO: [ app_init ] --START--
INFO: Run Behavior\BuildLiteBehavior [ RunTime:0.000016s ]
INFO: [ app_init ] --END-- [ RunTime:0.000495s ]
INFO: [ app_begin ] --START--
INFO: Run Behavior\ReadHtmlCacheBehavior [ RunTime:0.000611s ]
INFO: [ app_begin ] --END-- [ RunTime:0.000670s ]
SQL: SELECT * FROM `jx_category`  [ RunTime:0.0003s ]
INFO: [ view_parse ] --START--
INFO: [ template_filter ] --START--
INFO: Run Behavior\ContentReplaceBehavior [ RunTime:0.000118s ]
INFO: [ template_filter ] --END-- [ RunTime:0.000189s ]
INFO: Run Behavior\ParseTemplateBehavior [ RunTime:0.024499s ]
INFO: [ view_parse ] --END-- [ RunTime:0.024570s ]
INFO: [ view_filter ] --START--
INFO: Run Behavior\WriteHtmlCacheBehavior [ RunTime:0.000823s ]
INFO: [ view_filter ] --END-- [ RunTime:0.000877s ]
INFO: [ app_end ] --START--
INFO: Run Behavior\ShowPageTraceBehavior [ RunTime:0.001074s ]
INFO: [ app_end ] --END-- [ RunTime:0.001132s ]

[ 2017-11-12T19:12:28+08:00 ] 127.0.0.1 /User/code.html
INFO: [ app_init ] --START--
INFO: Run Behavior\BuildLiteBehavior [ RunTime:0.000018s ]
INFO: [ app_init ] --END-- [ RunTime:0.000554s ]
INFO: [ app_begin ] --START--
INFO: Run Behavior\ReadHtmlCacheBehavior [ RunTime:0.000715s ]
INFO: [ app_begin ] --END-- [ RunTime:0.000816s ]
SQL: SELECT * FROM `jx_category`  [ RunTime:0.0003s ]
INFO: [ app_end ] --START--
INFO: Run Behavior\ShowPageTraceBehavior [ RunTime:0.000962s ]
INFO: [ app_end ] --END-- [ RunTime:0.001026s ]

[ 2017-11-12T19:12:48+08:00 ] 127.0.0.1 /User/login.html
INFO: [ app_init ] --START--
INFO: Run Behavior\BuildLiteBehavior [ RunTime:0.000015s ]
INFO: [ app_init ] --END-- [ RunTime:0.000497s ]
INFO: [ app_begin ] --START--
INFO: Run Behavior\ReadHtmlCacheBehavior [ RunTime:0.000615s ]
INFO: [ app_begin ] --END-- [ RunTime:0.000670s ]
SQL: SELECT * FROM `jx_category`  [ RunTime:0.0002s ]
SQL: SELECT * FROM `jx_user` WHERE ( username='提莫队长' ) LIMIT 1   [ RunTime:0.0005s ]
NOTIC: [2] Invalid argument supplied for foreach() E:\practice\jxshop\Application\Home\Model\CartModel.class.php 第 90 行.

[ 2017-11-12T19:12:49+08:00 ] 127.0.0.1 /
INFO: [ app_init ] --START--
INFO: Run Behavior\BuildLiteBehavior [ RunTime:0.000012s ]
INFO: [ app_init ] --END-- [ RunTime:0.000377s ]
INFO: [ app_begin ] --START--
INFO: Run Behavior\ReadHtmlCacheBehavior [ RunTime:0.000459s ]
INFO: [ app_begin ] --END-- [ RunTime:0.000503s ]
SQL: SELECT * FROM `jx_category`  [ RunTime:0.0002s ]
NOTIC: [2048] Declaration of Admin\Model\GoodsModel::_before_insert() should be compatible with Think\Model::_before_insert(&$data, $options) E:\practice\jxshop\Application\Admin\Model\GoodsModel.class.php 第 381 行.
NOTIC: [2048] Declaration of Admin\Model\GoodsModel::_after_insert() should be compatible with Think\Model::_after_insert($data, $options) E:\practice\jxshop\Application\Admin\Model\GoodsModel.class.php 第 381 行.
SQL: SHOW COLUMNS FROM `jx_goods` [ RunTime:0.0063s ]
SQL: SELECT * FROM `jx_goods` WHERE ( is_sale=1 and is_hot=1 ) ORDER BY id desc LIMIT 5   [ RunTime:0.0003s ]
SQL: SELECT * FROM `jx_goods` WHERE ( is_sale=1 and is_rec=1 ) ORDER BY id desc LIMIT 5   [ RunTime:0.0002s ]
SQL: SELECT * FROM `jx_goods` WHERE ( is_sale=1 and is_new=1 ) ORDER BY id desc LIMIT 5   [ RunTime:0.0002s ]
SQL: SELECT * FROM `jx_goods` WHERE ( is_sale=1 and cx_price>0 and start<1510485168 and end>1510485168 ) LIMIT 5   [ RunTime:0.0004s ]
SQL: SELECT * FROM `jx_category` WHERE ( parent_id=0 )  [ RunTime:0.0002s ]
SQL: SELECT * FROM `jx_category` WHERE ( parent_id=1 )  [ RunTime:0.0002s ]
SQL: SELECT * FROM `jx_category` WHERE ( isrec=1 and parent_id=1 )  [ RunTime:0.0001s ]
SQL: SELECT * FROM `jx_category`  [ RunTime:0.0002s ]
NOTIC: [8] Undefined variable: tree E:\practice\jxshop\Application\Admin\Model\CategoryModel.class.php 第 70 行.
SQL: SHOW COLUMNS FROM `jx_goods` [ RunTime:0.0062s ]
SQL: SELECT * FROM `jx_goods` WHERE ( is_sale=1 and cate_id in (18) ) LIMIT 8   [ RunTime:0.0002s ]
SQL: SELECT * FROM `jx_category` WHERE ( parent_id=6 )  [ RunTime:0.0001s ]
SQL: SELECT * FROM `jx_category` WHERE ( isrec=1 and parent_id=6 )  [ RunTime:0.0001s ]
INFO: [ view_parse ] --START--
INFO: [ template_filter ] --START--
INFO: Run Behavior\ContentReplaceBehavior [ RunTime:0.000248s ]
INFO: [ template_filter ] --END-- [ RunTime:0.000299s ]
INFO: Run Behavior\ParseTemplateBehavior [ RunTime:0.025848s ]
INFO: [ view_parse ] --END-- [ RunTime:0.025897s ]
INFO: [ view_filter ] --START--
INFO: Run Behavior\WriteHtmlCacheBehavior [ RunTime:0.000644s ]
INFO: [ view_filter ] --END-- [ RunTime:0.000681s ]
INFO: [ app_end ] --START--
INFO: Run Behavior\ShowPageTraceBehavior [ RunTime:0.000829s ]
INFO: [ app_end ] --END-- [ RunTime:0.000875s ]

[ 2017-11-12T19:12:49+08:00 ] 127.0.0.1 /Uploads/2017-11-03/thumb_59fc19fe009a3.jpg
INFO: [ app_init ] --START--
INFO: Run Behavior\BuildLiteBehavior [ RunTime:0.000023s ]
INFO: [ app_init ] --END-- [ RunTime:0.000577s ]

[ 2017-11-12T19:12:49+08:00 ] 127.0.0.1 /Uploads/2017-10-27/thumb_59f2c077609a5.jpg
INFO: [ app_init ] --START--
INFO: Run Behavior\BuildLiteBehavior [ RunTime:0.000014s ]
INFO: [ app_init ] --END-- [ RunTime:0.000517s ]

[ 2017-11-12T19:12:49+08:00 ] 127.0.0.1 /Uploads/2017-11-03/59fc19fe009a3.jpg
INFO: [ app_init ] --START--
INFO: Run Behavior\BuildLiteBehavior [ RunTime:0.000013s ]
INFO: [ app_init ] --END-- [ RunTime:0.000400s ]

[ 2017-11-12T19:12:49+08:00 ] 127.0.0.1 /Uploads/2017-10-27/59f2c077609a5.jpg
INFO: [ app_init ] --START--
INFO: Run Behavior\BuildLiteBehavior [ RunTime:0.000014s ]
INFO: [ app_init ] --END-- [ RunTime:0.000409s ]

[ 2017-11-12T19:12:49+08:00 ] 127.0.0.1 /
INFO: [ app_init ] --START--
INFO: Run Behavior\BuildLiteBehavior [ RunTime:0.000013s ]
INFO: [ app_init ] --END-- [ RunTime:0.000429s ]
INFO: [ app_begin ] --START--
INFO: Run Behavior\ReadHtmlCacheBehavior [ RunTime:0.000753s ]
INFO: [ app_begin ] --END-- [ RunTime:0.000847s ]
SQL: SELECT * FROM `jx_category`  [ RunTime:0.0002s ]
NOTIC: [2048] Declaration of Admin\Model\GoodsModel::_before_insert() should be compatible with Think\Model::_before_insert(&$data, $options) E:\practice\jxshop\Application\Admin\Model\GoodsModel.class.php 第 381 行.
NOTIC: [2048] Declaration of Admin\Model\GoodsModel::_after_insert() should be compatible with Think\Model::_after_insert($data, $options) E:\practice\jxshop\Application\Admin\Model\GoodsModel.class.php 第 381 行.
SQL: SHOW COLUMNS FROM `jx_goods` [ RunTime:0.0065s ]
SQL: SELECT * FROM `jx_goods` WHERE ( is_sale=1 and is_hot=1 ) ORDER BY id desc LIMIT 5   [ RunTime:0.0002s ]
SQL: SELECT * FROM `jx_goods` WHERE ( is_sale=1 and is_rec=1 ) ORDER BY id desc LIMIT 5   [ RunTime:0.0002s ]
SQL: SELECT * FROM `jx_goods` WHERE ( is_sale=1 and is_new=1 ) ORDER BY id desc LIMIT 5   [ RunTime:0.0001s ]
SQL: SELECT * FROM `jx_goods` WHERE ( is_sale=1 and cx_price>0 and start<1510485169 and end>1510485169 ) LIMIT 5   [ RunTime:0.0004s ]
SQL: SELECT * FROM `jx_category` WHERE ( parent_id=0 )  [ RunTime:0.0001s ]
SQL: SELECT * FROM `jx_category` WHERE ( parent_id=1 )  [ RunTime:0.0001s ]
SQL: SELECT * FROM `jx_category` WHERE ( isrec=1 and parent_id=1 )  [ RunTime:0.0001s ]
SQL: SELECT * FROM `jx_category`  [ RunTime:0.0001s ]
NOTIC: [8] Undefined variable: tree E:\practice\jxshop\Application\Admin\Model\CategoryModel.class.php 第 70 行.
SQL: SHOW COLUMNS FROM `jx_goods` [ RunTime:0.0079s ]
SQL: SELECT * FROM `jx_goods` WHERE ( is_sale=1 and cate_id in (18) ) LIMIT 8   [ RunTime:0.0002s ]
SQL: SELECT * FROM `jx_category` WHERE ( parent_id=6 )  [ RunTime:0.0001s ]
SQL: SELECT * FROM `jx_category` WHERE ( isrec=1 and parent_id=6 )  [ RunTime:0.0001s ]
INFO: [ view_parse ] --START--
INFO: [ template_filter ] --START--
INFO: Run Behavior\ContentReplaceBehavior [ RunTime:0.000251s ]
INFO: [ template_filter ] --END-- [ RunTime:0.000305s ]
INFO: Run Behavior\ParseTemplateBehavior [ RunTime:0.026457s ]
INFO: [ view_parse ] --END-- [ RunTime:0.026512s ]
INFO: [ view_filter ] --START--
INFO: Run Behavior\WriteHtmlCacheBehavior [ RunTime:0.000290s ]
INFO: [ view_filter ] --END-- [ RunTime:0.000326s ]
INFO: [ app_end ] --START--
INFO: Run Behavior\ShowPageTraceBehavior [ RunTime:0.000477s ]
INFO: [ app_end ] --END-- [ RunTime:0.000522s ]

[ 2017-11-12T19:13:01+08:00 ] 127.0.0.1 /Order/check.html
INFO: [ app_init ] --START--
INFO: Run Behavior\BuildLiteBehavior [ RunTime:0.000017s ]
INFO: [ app_init ] --END-- [ RunTime:0.000499s ]
INFO: [ app_begin ] --START--
INFO: Run Behavior\ReadHtmlCacheBehavior [ RunTime:0.000622s ]
INFO: [ app_begin ] --END-- [ RunTime:0.000683s ]
SQL: SELECT * FROM `jx_category`  [ RunTime:0.0006s ]
SQL: SELECT * FROM `jx_cart` WHERE ( user_id=3 )  [ RunTime:0.0008s ]
NOTIC: [2048] Declaration of Admin\Model\GoodsModel::_before_insert() should be compatible with Think\Model::_before_insert(&$data, $options) E:\practice\jxshop\Application\Admin\Model\GoodsModel.class.php 第 381 行.
NOTIC: [2048] Declaration of Admin\Model\GoodsModel::_after_insert() should be compatible with Think\Model::_after_insert($data, $options) E:\practice\jxshop\Application\Admin\Model\GoodsModel.class.php 第 381 行.
SQL: SHOW COLUMNS FROM `jx_goods` [ RunTime:0.0151s ]
INFO: [ view_parse ] --START--
INFO: [ template_filter ] --START--
INFO: Run Behavior\ContentReplaceBehavior [ RunTime:0.000125s ]
INFO: [ template_filter ] --END-- [ RunTime:0.000188s ]
INFO: Run Behavior\ParseTemplateBehavior [ RunTime:0.025008s ]
INFO: [ view_parse ] --END-- [ RunTime:0.025101s ]
INFO: [ view_filter ] --START--
INFO: Run Behavior\WriteHtmlCacheBehavior [ RunTime:0.000921s ]
INFO: [ view_filter ] --END-- [ RunTime:0.000972s ]
INFO: [ app_end ] --START--
INFO: Run Behavior\ShowPageTraceBehavior [ RunTime:0.001101s ]
INFO: [ app_end ] --END-- [ RunTime:0.001155s ]

[ 2017-11-12T19:13:09+08:00 ] 127.0.0.1 /Order/index.html
INFO: [ app_init ] --START--
INFO: Run Behavior\BuildLiteBehavior [ RunTime:0.000014s ]
INFO: [ app_init ] --END-- [ RunTime:0.000484s ]
INFO: [ app_begin ] --START--
INFO: Run Behavior\ReadHtmlCacheBehavior [ RunTime:0.000619s ]
INFO: [ app_begin ] --END-- [ RunTime:0.000680s ]
SQL: SELECT * FROM `jx_category`  [ RunTime:0.0002s ]
ERR: 非法操作:index

[ 2017-11-12T19:13:18+08:00 ] 127.0.0.1 /Order/order.html
INFO: [ app_init ] --START--
INFO: Run Behavior\BuildLiteBehavior [ RunTime:0.000018s ]
INFO: [ app_init ] --END-- [ RunTime:0.000488s ]
INFO: [ app_begin ] --START--
INFO: Run Behavior\ReadHtmlCacheBehavior [ RunTime:0.000614s ]
INFO: [ app_begin ] --END-- [ RunTime:0.000672s ]
SQL: SELECT * FROM `jx_category`  [ RunTime:0.0003s ]
SQL: SELECT * FROM `jx_cart` WHERE ( user_id=3 )  [ RunTime:0.0003s ]
NOTIC: [2048] Declaration of Admin\Model\GoodsModel::_before_insert() should be compatible with Think\Model::_before_insert(&$data, $options) E:\practice\jxshop\Application\Admin\Model\GoodsModel.class.php 第 381 行.
NOTIC: [2048] Declaration of Admin\Model\GoodsModel::_after_insert() should be compatible with Think\Model::_after_insert($data, $options) E:\practice\jxshop\Application\Admin\Model\GoodsModel.class.php 第 381 行.
SQL: SHOW COLUMNS FROM `jx_goods` [ RunTime:0.0064s ]
INFO: [ view_parse ] --START--
INFO: [ template_filter ] --START--
INFO: Run Behavior\ContentReplaceBehavior [ RunTime:0.000117s ]
INFO: [ template_filter ] --END-- [ RunTime:0.000236s ]
INFO: Run Behavior\ParseTemplateBehavior [ RunTime:0.013775s ]
INFO: [ view_parse ] --END-- [ RunTime:0.013867s ]
INFO: [ view_filter ] --START--
INFO: Run Behavior\WriteHtmlCacheBehavior [ RunTime:0.001458s ]
INFO: [ view_filter ] --END-- [ RunTime:0.001547s ]

[ 2017-11-12T19:13:20+08:00 ] 127.0.0.1 /Order/index.html
INFO: [ app_init ] --START--
INFO: Run Behavior\BuildLiteBehavior [ RunTime:0.000015s ]
INFO: [ app_init ] --END-- [ RunTime:0.000523s ]
INFO: [ app_begin ] --START--
INFO: Run Behavior\ReadHtmlCacheBehavior [ RunTime:0.000710s ]
INFO: [ app_begin ] --END-- [ RunTime:0.000782s ]
SQL: SELECT * FROM `jx_category`  [ RunTime:0.0003s ]
ERR: 非法操作:index

[ 2017-11-12T19:13:49+08:00 ] 127.0.0.1 /Order/order.html
INFO: [ app_init ] --START--
INFO: Run Behavior\BuildLiteBehavior [ RunTime:0.000016s ]
INFO: [ app_init ] --END-- [ RunTime:0.000502s ]
INFO: [ app_begin ] --START--
INFO: Run Behavior\ReadHtmlCacheBehavior [ RunTime:0.001142s ]
INFO: [ app_begin ] --END-- [ RunTime:0.001206s ]
SQL: SELECT * FROM `jx_category`  [ RunTime:0.0003s ]
SQL: SELECT * FROM `jx_cart` WHERE ( user_id=3 )  [ RunTime:0.0002s ]
NOTIC: [2048] Declaration of Admin\Model\GoodsModel::_before_insert() should be compatible with Think\Model::_before_insert(&$data, $options) E:\practice\jxshop\Application\Admin\Model\GoodsModel.class.php 第 381 行.
NOTIC: [2048] Declaration of Admin\Model\GoodsModel::_after_insert() should be compatible with Think\Model::_after_insert($data, $options) E:\practice\jxshop\Application\Admin\Model\GoodsModel.class.php 第 381 行.
SQL: SHOW COLUMNS FROM `jx_goods` [ RunTime:0.0065s ]
INFO: [ view_parse ] --START--
INFO: [ template_filter ] --START--
INFO: Run Behavior\ContentReplaceBehavior [ RunTime:0.000054s ]
INFO: [ template_filter ] --END-- [ RunTime:0.000105s ]
INFO: Run Behavior\ParseTemplateBehavior [ RunTime:0.007838s ]
INFO: [ view_parse ] --END-- [ RunTime:0.007893s ]
INFO: [ view_filter ] --START--
INFO: Run Behavior\WriteHtmlCacheBehavior [ RunTime:0.000631s ]
INFO: [ view_filter ] --END-- [ RunTime:0.000670s ]

[ 2017-11-12T19:13:52+08:00 ] 127.0.0.1 /Order/index.html
INFO: [ app_init ] --START--
INFO: Run Behavior\BuildLiteBehavior [ RunTime:0.000014s ]
INFO: [ app_init ] --END-- [ RunTime:0.000416s ]
INFO: [ app_begin ] --START--
INFO: Run Behavior\ReadHtmlCacheBehavior [ RunTime:0.000482s ]
INFO: [ app_begin ] --END-- [ RunTime:0.000533s ]
SQL: SELECT * FROM `jx_category`  [ RunTime:0.0002s ]
ERR: 非法操作:index

[ 2017-11-12T19:14:20+08:00 ] 127.0.0.1 /member/order.html
INFO: [ app_init ] --START--
INFO: Run Behavior\BuildLiteBehavior [ RunTime:0.000017s ]
INFO: [ app_init ] --END-- [ RunTime:0.000628s ]
INFO: [ app_begin ] --START--
INFO: Run Behavior\ReadHtmlCacheBehavior [ RunTime:0.000962s ]
INFO: [ app_begin ] --END-- [ RunTime:0.001024s ]
SQL: SELECT * FROM `jx_category`  [ RunTime:0.0003s ]
SQL: SELECT * FROM `jx_order` WHERE ( user_id=3 )  [ RunTime:0.0004s ]
INFO: [ view_parse ] --START--
INFO: [ template_filter ] --START--
INFO: Run Behavior\ContentReplaceBehavior [ RunTime:0.000150s ]
INFO: [ template_filter ] --END-- [ RunTime:0.000203s ]
INFO: Run Behavior\ParseTemplateBehavior [ RunTime:0.016406s ]
INFO: [ view_parse ] --END-- [ RunTime:0.016459s ]
INFO: [ view_filter ] --START--
INFO: Run Behavior\WriteHtmlCacheBehavior [ RunTime:0.000664s ]
INFO: [ view_filter ] --END-- [ RunTime:0.000703s ]
INFO: [ app_end ] --START--
INFO: Run Behavior\ShowPageTraceBehavior [ RunTime:0.000888s ]
INFO: [ app_end ] --END-- [ RunTime:0.000934s ]

[ 2017-11-12T19:18:18+08:00 ] 127.0.0.1 /member/order.html
INFO: [ app_init ] --START--
INFO: Run Behavior\BuildLiteBehavior [ RunTime:0.000017s ]
INFO: [ app_init ] --END-- [ RunTime:0.000618s ]
INFO: [ app_begin ] --START--
INFO: Run Behavior\ReadHtmlCacheBehavior [ RunTime:0.000974s ]
INFO: [ app_begin ] --END-- [ RunTime:0.001038s ]
SQL: SELECT * FROM `jx_category`  [ RunTime:0.0002s ]
SQL: SELECT * FROM `jx_order` WHERE ( user_id=3 )  [ RunTime:0.0002s ]
INFO: [ view_parse ] --START--
INFO: [ template_filter ] --START--
INFO: Run Behavior\ContentReplaceBehavior [ RunTime:0.000149s ]
INFO: [ template_filter ] --END-- [ RunTime:0.000203s ]
INFO: Run Behavior\ParseTemplateBehavior [ RunTime:0.016389s ]
INFO: [ view_parse ] --END-- [ RunTime:0.016444s ]
INFO: [ view_filter ] --START--
INFO: Run Behavior\WriteHtmlCacheBehavior [ RunTime:0.000508s ]
INFO: [ view_filter ] --END-- [ RunTime:0.000550s ]
INFO: [ app_end ] --START--
INFO: Run Behavior\ShowPageTraceBehavior [ RunTime:0.000706s ]
INFO: [ app_end ] --END-- [ RunTime:0.000756s ]

[ 2017-11-12T19:18:18+08:00 ] 127.0.0.1 /member/order.html
INFO: [ app_init ] --START--
INFO: Run Behavior\BuildLiteBehavior [ RunTime:0.000012s ]
INFO: [ app_init ] --END-- [ RunTime:0.000387s ]
INFO: [ app_begin ] --START--
INFO: Run Behavior\ReadHtmlCacheBehavior [ RunTime:0.000465s ]
INFO: [ app_begin ] --END-- [ RunTime:0.000506s ]
SQL: SELECT * FROM `jx_category`  [ RunTime:0.0003s ]
SQL: SELECT * FROM `jx_order` WHERE ( user_id=3 )  [ RunTime:0.0002s ]
INFO: [ view_parse ] --START--
INFO: [ template_filter ] --START--
INFO: Run Behavior\ContentReplaceBehavior [ RunTime:0.000153s ]
INFO: [ template_filter ] --END-- [ RunTime:0.000208s ]
INFO: Run Behavior\ParseTemplateBehavior [ RunTime:0.016162s ]
INFO: [ view_parse ] --END-- [ RunTime:0.016216s ]
INFO: [ view_filter ] --START--
INFO: Run Behavior\WriteHtmlCacheBehavior [ RunTime:0.000288s ]
INFO: [ view_filter ] --END-- [ RunTime:0.000326s ]
INFO: [ app_end ] --START--
INFO: Run Behavior\ShowPageTraceBehavior [ RunTime:0.000489s ]
INFO: [ app_end ] --END-- [ RunTime:0.000534s ]

[ 2017-11-12T19:18:18+08:00 ] 127.0.0.1 /member/order.html
INFO: [ app_init ] --START--
INFO: Run Behavior\BuildLiteBehavior [ RunTime:0.000016s ]
INFO: [ app_init ] --END-- [ RunTime:0.000511s ]
INFO: [ app_begin ] --START--
INFO: Run Behavior\ReadHtmlCacheBehavior [ RunTime:0.000635s ]
INFO: [ app_begin ] --END-- [ RunTime:0.000696s ]
SQL: SELECT * FROM `jx_category`  [ RunTime:0.0003s ]
SQL: SELECT * FROM `jx_order` WHERE ( user_id=3 )  [ RunTime:0.0002s ]
INFO: [ view_parse ] --START--
INFO: [ template_filter ] --START--
INFO: Run Behavior\ContentReplaceBehavior [ RunTime:0.000153s ]
INFO: [ template_filter ] --END-- [ RunTime:0.000211s ]
INFO: Run Behavior\ParseTemplateBehavior [ RunTime:0.016235s ]
INFO: [ view_parse ] --END-- [ RunTime:0.016290s ]
INFO: [ view_filter ] --START--
INFO: Run Behavior\WriteHtmlCacheBehavior [ RunTime:0.000295s ]
INFO: [ view_filter ] --END-- [ RunTime:0.000334s ]
INFO: [ app_end ] --START--
INFO: Run Behavior\ShowPageTraceBehavior [ RunTime:0.000500s ]
INFO: [ app_end ] --END-- [ RunTime:0.000549s ]

[ 2017-11-12T19:18:19+08:00 ] 127.0.0.1 /member/order.html
INFO: [ app_init ] --START--
INFO: Run Behavior\BuildLiteBehavior [ RunTime:0.000017s ]
INFO: [ app_init ] --END-- [ RunTime:0.000519s ]
INFO: [ app_begin ] --START--
INFO: Run Behavior\ReadHtmlCacheBehavior [ RunTime:0.000614s ]
INFO: [ app_begin ] --END-- [ RunTime:0.000674s ]
SQL: SELECT * FROM `jx_category`  [ RunTime:0.0003s ]
SQL: SELECT * FROM `jx_order` WHERE ( user_id=3 )  [ RunTime:0.0002s ]
INFO: [ view_parse ] --START--
INFO: [ template_filter ] --START--
INFO: Run Behavior\ContentReplaceBehavior [ RunTime:0.000164s ]
INFO: [ template_filter ] --END-- [ RunTime:0.000217s ]
INFO: Run Behavior\ParseTemplateBehavior [ RunTime:0.016100s ]
INFO: [ view_parse ] --END-- [ RunTime:0.016156s ]
INFO: [ view_filter ] --START--
INFO: Run Behavior\WriteHtmlCacheBehavior [ RunTime:0.000299s ]
INFO: [ view_filter ] --END-- [ RunTime:0.000338s ]
INFO: [ app_end ] --START--
INFO: Run Behavior\ShowPageTraceBehavior [ RunTime:0.000504s ]
INFO: [ app_end ] --END-- [ RunTime:0.000551s ]

[ 2017-11-12T19:18:19+08:00 ] 127.0.0.1 /member/order.html
INFO: [ app_init ] --START--
INFO: Run Behavior\BuildLiteBehavior [ RunTime:0.000013s ]
INFO: [ app_init ] --END-- [ RunTime:0.000383s ]
INFO: [ app_begin ] --START--
INFO: Run Behavior\ReadHtmlCacheBehavior [ RunTime:0.000479s ]
INFO: [ app_begin ] --END-- [ RunTime:0.000525s ]
SQL: SELECT * FROM `jx_category`  [ RunTime:0.0002s ]
SQL: SELECT * FROM `jx_order` WHERE ( user_id=3 )  [ RunTime:0.0002s ]
INFO: [ view_parse ] --START--
INFO: [ template_filter ] --START--
INFO: Run Behavior\ContentReplaceBehavior [ RunTime:0.000151s ]
INFO: [ template_filter ] --END-- [ RunTime:0.000205s ]
INFO: Run Behavior\ParseTemplateBehavior [ RunTime:0.015985s ]
INFO: [ view_parse ] --END-- [ RunTime:0.016044s ]
INFO: [ view_filter ] --START--
INFO: Run Behavior\WriteHtmlCacheBehavior [ RunTime:0.000305s ]
INFO: [ view_filter ] --END-- [ RunTime:0.000345s ]
INFO: [ app_end ] --START--
INFO: Run Behavior\ShowPageTraceBehavior [ RunTime:0.000545s ]
INFO: [ app_end ] --END-- [ RunTime:0.000600s ]

[ 2017-11-12T19:18:19+08:00 ] 127.0.0.1 /member/order.html
INFO: [ app_init ] --START--
INFO: Run Behavior\BuildLiteBehavior [ RunTime:0.000018s ]
INFO: [ app_init ] --END-- [ RunTime:0.000508s ]
INFO: [ app_begin ] --START--
INFO: Run Behavior\ReadHtmlCacheBehavior [ RunTime:0.000617s ]
INFO: [ app_begin ] --END-- [ RunTime:0.000676s ]
SQL: SELECT * FROM `jx_category`  [ RunTime:0.0002s ]
SQL: SELECT * FROM `jx_order` WHERE ( user_id=3 )  [ RunTime:0.0002s ]
INFO: [ view_parse ] --START--
INFO: [ template_filter ] --START--
INFO: Run Behavior\ContentReplaceBehavior [ RunTime:0.000149s ]
INFO: [ template_filter ] --END-- [ RunTime:0.000203s ]
INFO: Run Behavior\ParseTemplateBehavior [ RunTime:0.015928s ]
INFO: [ view_parse ] --END-- [ RunTime:0.015991s ]
INFO: [ view_filter ] --START--
INFO: Run Behavior\WriteHtmlCacheBehavior [ RunTime:0.000291s ]
INFO: [ view_filter ] --END-- [ RunTime:0.000328s ]
INFO: [ app_end ] --START--
INFO: Run Behavior\ShowPageTraceBehavior [ RunTime:0.000498s ]
INFO: [ app_end ] --END-- [ RunTime:0.000544s ]

[ 2017-11-12T19:18:20+08:00 ] 127.0.0.1 /member/order.html
INFO: [ app_init ] --START--
INFO: Run Behavior\BuildLiteBehavior [ RunTime:0.000017s ]
INFO: [ app_init ] --END-- [ RunTime:0.000505s ]
INFO: [ app_begin ] --START--
INFO: Run Behavior\ReadHtmlCacheBehavior [ RunTime:0.000664s ]
INFO: [ app_begin ] --END-- [ RunTime:0.000734s ]
SQL: SELECT * FROM `jx_category`  [ RunTime:0.0002s ]
SQL: SELECT * FROM `jx_order` WHERE ( user_id=3 )  [ RunTime:0.0002s ]
INFO: [ view_parse ] --START--
INFO: [ template_filter ] --START--
INFO: Run Behavior\ContentReplaceBehavior [ RunTime:0.000151s ]
INFO: [ template_filter ] --END-- [ RunTime:0.000208s ]
INFO: Run Behavior\ParseTemplateBehavior [ RunTime:0.015960s ]
INFO: [ view_parse ] --END-- [ RunTime:0.016015s ]
INFO: [ view_filter ] --START--
INFO: Run Behavior\WriteHtmlCacheBehavior [ RunTime:0.000297s ]
INFO: [ view_filter ] --END-- [ RunTime:0.000336s ]
INFO: [ app_end ] --START--
INFO: Run Behavior\ShowPageTraceBehavior [ RunTime:0.000493s ]
INFO: [ app_end ] --END-- [ RunTime:0.000539s ]

[ 2017-11-12T19:20:39+08:00 ] 127.0.0.1 /member/order.html
INFO: [ app_init ] --START--
INFO: Run Behavior\BuildLiteBehavior [ RunTime:0.000017s ]
INFO: [ app_init ] --END-- [ RunTime:0.000620s ]
INFO: [ app_begin ] --START--
INFO: Run Behavior\ReadHtmlCacheBehavior [ RunTime:0.000962s ]
INFO: [ app_begin ] --END-- [ RunTime:0.001026s ]
SQL: SELECT * FROM `jx_category`  [ RunTime:0.0002s ]
SQL: SELECT * FROM `jx_order` WHERE ( user_id=3 )  [ RunTime:0.0002s ]
INFO: [ view_parse ] --START--
INFO: [ template_filter ] --START--
INFO: Run Behavior\ContentReplaceBehavior [ RunTime:0.000149s ]
INFO: [ template_filter ] --END-- [ RunTime:0.000198s ]
INFO: Run Behavior\ParseTemplateBehavior [ RunTime:0.016524s ]
INFO: [ view_parse ] --END-- [ RunTime:0.016580s ]
INFO: [ view_filter ] --START--
INFO: Run Behavior\WriteHtmlCacheBehavior [ RunTime:0.000654s ]
INFO: [ view_filter ] --END-- [ RunTime:0.000691s ]
INFO: [ app_end ] --START--
INFO: Run Behavior\ShowPageTraceBehavior [ RunTime:0.000877s ]
INFO: [ app_end ] --END-- [ RunTime:0.000925s ]

[ 2017-11-12T19:20:39+08:00 ] 127.0.0.1 /member/order.html
INFO: [ app_init ] --START--
INFO: Run Behavior\BuildLiteBehavior [ RunTime:0.000016s ]
INFO: [ app_init ] --END-- [ RunTime:0.000505s ]
INFO: [ app_begin ] --START--
INFO: Run Behavior\ReadHtmlCacheBehavior [ RunTime:0.000618s ]
INFO: [ app_begin ] --END-- [ RunTime:0.000674s ]
SQL: SELECT * FROM `jx_category`  [ RunTime:0.0002s ]
SQL: SELECT * FROM `jx_order` WHERE ( user_id=3 )  [ RunTime:0.0002s ]
INFO: [ view_parse ] --START--
INFO: [ template_filter ] --START--
INFO: Run Behavior\ContentReplaceBehavior [ RunTime:0.000148s ]
INFO: [ template_filter ] --END-- [ RunTime:0.000195s ]
INFO: Run Behavior\ParseTemplateBehavior [ RunTime:0.016201s ]
INFO: [ view_parse ] --END-- [ RunTime:0.016257s ]
INFO: [ view_filter ] --START--
INFO: Run Behavior\WriteHtmlCacheBehavior [ RunTime:0.000657s ]
INFO: [ view_filter ] --END-- [ RunTime:0.000692s ]
INFO: [ app_end ] --START--
INFO: Run Behavior\ShowPageTraceBehavior [ RunTime:0.000907s ]
INFO: [ app_end ] --END-- [ RunTime:0.000972s ]

[ 2017-11-12T19:20:39+08:00 ] 127.0.0.1 /member/order.html
INFO: [ app_init ] --START--
INFO: Run Behavior\BuildLiteBehavior [ RunTime:0.000016s ]
INFO: [ app_init ] --END-- [ RunTime:0.000496s ]
INFO: [ app_begin ] --START--
INFO: Run Behavior\ReadHtmlCacheBehavior [ RunTime:0.000611s ]
INFO: [ app_begin ] --END-- [ RunTime:0.000668s ]
SQL: SELECT * FROM `jx_category`  [ RunTime:0.0002s ]
SQL: SELECT * FROM `jx_order` WHERE ( user_id=3 )  [ RunTime:0.0002s ]
INFO: [ view_parse ] --START--
INFO: [ template_filter ] --START--
INFO: Run Behavior\ContentReplaceBehavior [ RunTime:0.000154s ]
INFO: [ template_filter ] --END-- [ RunTime:0.000207s ]
INFO: Run Behavior\ParseTemplateBehavior [ RunTime:0.016501s ]
INFO: [ view_parse ] --END-- [ RunTime:0.016560s ]
INFO: [ view_filter ] --START--
INFO: Run Behavior\WriteHtmlCacheBehavior [ RunTime:0.000674s ]
INFO: [ view_filter ] --END-- [ RunTime:0.000710s ]
INFO: [ app_end ] --START--
INFO: Run Behavior\ShowPageTraceBehavior [ RunTime:0.000826s ]
INFO: [ app_end ] --END-- [ RunTime:0.000872s ]

[ 2017-11-12T19:20:39+08:00 ] 127.0.0.1 /member/order.html
INFO: [ app_init ] --START--
INFO: Run Behavior\BuildLiteBehavior [ RunTime:0.000016s ]
INFO: [ app_init ] --END-- [ RunTime:0.000510s ]
INFO: [ app_begin ] --START--
INFO: Run Behavior\ReadHtmlCacheBehavior [ RunTime:0.000616s ]
INFO: [ app_begin ] --END-- [ RunTime:0.000674s ]
SQL: SELECT * FROM `jx_category`  [ RunTime:0.0002s ]
SQL: SELECT * FROM `jx_order` WHERE ( user_id=3 )  [ RunTime:0.0001s ]
INFO: [ view_parse ] --START--
INFO: [ template_filter ] --START--
INFO: Run Behavior\ContentReplaceBehavior [ RunTime:0.000148s ]
INFO: [ template_filter ] --END-- [ RunTime:0.000201s ]
INFO: Run Behavior\ParseTemplateBehavior [ RunTime:0.016436s ]
INFO: [ view_parse ] --END-- [ RunTime:0.016485s ]
INFO: [ view_filter ] --START--
INFO: Run Behavior\WriteHtmlCacheBehavior [ RunTime:0.000675s ]
INFO: [ view_filter ] --END-- [ RunTime:0.000713s ]
INFO: [ app_end ] --START--
INFO: Run Behavior\ShowPageTraceBehavior [ RunTime:0.000857s ]
INFO: [ app_end ] --END-- [ RunTime:0.000904s ]

[ 2017-11-12T19:39:46+08:00 ] 127.0.0.1 /member/order.html
INFO: [ app_init ] --START--
INFO: Run Behavior\BuildLiteBehavior [ RunTime:0.000017s ]
INFO: [ app_init ] --END-- [ RunTime:0.000506s ]
INFO: [ app_begin ] --START--
INFO: Run Behavior\ReadHtmlCacheBehavior [ RunTime:0.000624s ]
INFO: [ app_begin ] --END-- [ RunTime:0.000683s ]
SQL: SELECT * FROM `jx_category`  [ RunTime:0.0002s ]
SQL: SELECT * FROM `jx_order` WHERE ( user_id=3 )  [ RunTime:0.0003s ]
INFO: [ view_parse ] --START--
INFO: [ template_filter ] --START--
INFO: Run Behavior\ContentReplaceBehavior [ RunTime:0.000156s ]
INFO: [ template_filter ] --END-- [ RunTime:0.000208s ]
INFO: Run Behavior\ParseTemplateBehavior [ RunTime:0.016837s ]
INFO: [ view_parse ] --END-- [ RunTime:0.016891s ]
INFO: [ view_filter ] --START--
INFO: Run Behavior\WriteHtmlCacheBehavior [ RunTime:0.000673s ]
INFO: [ view_filter ] --END-- [ RunTime:0.000720s ]
INFO: [ app_end ] --START--
INFO: Run Behavior\ShowPageTraceBehavior [ RunTime:0.001030s ]
INFO: [ app_end ] --END-- [ RunTime:0.001096s ]

[ 2017-11-12T19:40:21+08:00 ] 127.0.0.1 /member/order.html
INFO: [ app_init ] --START--
INFO: Run Behavior\BuildLiteBehavior [ RunTime:0.000016s ]
INFO: [ app_init ] --END-- [ RunTime:0.000499s ]
INFO: [ app_begin ] --START--
INFO: Run Behavior\ReadHtmlCacheBehavior [ RunTime:0.000616s ]
INFO: [ app_begin ] --END-- [ RunTime:0.000675s ]
SQL: SELECT * FROM `jx_category`  [ RunTime:0.0002s ]
SQL: SELECT * FROM `jx_order` WHERE ( user_id=3 )  [ RunTime:0.0003s ]
INFO: [ view_parse ] --START--
INFO: [ template_filter ] --START--
INFO: Run Behavior\ContentReplaceBehavior [ RunTime:0.000149s ]
INFO: [ template_filter ] --END-- [ RunTime:0.000199s ]
INFO: Run Behavior\ParseTemplateBehavior [ RunTime:0.016958s ]
INFO: [ view_parse ] --END-- [ RunTime:0.017018s ]
INFO: [ view_filter ] --START--
INFO: Run Behavior\WriteHtmlCacheBehavior [ RunTime:0.000665s ]
INFO: [ view_filter ] --END-- [ RunTime:0.000703s ]
INFO: [ app_end ] --START--
INFO: Run Behavior\ShowPageTraceBehavior [ RunTime:0.000877s ]
INFO: [ app_end ] --END-- [ RunTime:0.000925s ]

[ 2017-11-12T19:40:40+08:00 ] 127.0.0.1 /member/order.html
INFO: [ app_init ] --START--
INFO: Run Behavior\BuildLiteBehavior [ RunTime:0.000015s ]
INFO: [ app_init ] --END-- [ RunTime:0.000419s ]
INFO: [ app_begin ] --START--
INFO: Run Behavior\ReadHtmlCacheBehavior [ RunTime:0.000514s ]
INFO: [ app_begin ] --END-- [ RunTime:0.000567s ]
SQL: SELECT * FROM `jx_category`  [ RunTime:0.0002s ]
SQL: SELECT * FROM `jx_order` WHERE ( user_id=3 )  [ RunTime:0.0003s ]
INFO: [ view_parse ] --START--
INFO: [ template_filter ] --START--
INFO: Run Behavior\ContentReplaceBehavior [ RunTime:0.000149s ]
INFO: [ template_filter ] --END-- [ RunTime:0.000201s ]
INFO: Run Behavior\ParseTemplateBehavior [ RunTime:0.017042s ]
INFO: [ view_parse ] --END-- [ RunTime:0.017103s ]
INFO: [ view_filter ] --START--
INFO: Run Behavior\WriteHtmlCacheBehavior [ RunTime:0.000664s ]
INFO: [ view_filter ] --END-- [ RunTime:0.000700s ]
INFO: [ app_end ] --START--
INFO: Run Behavior\ShowPageTraceBehavior [ RunTime:0.000838s ]
INFO: [ app_end ] --END-- [ RunTime:0.000884s ]

[ 2017-11-12T19:40:51+08:00 ] 127.0.0.1 /Member/express/order_id/22.html
INFO: [ app_init ] --START--
INFO: Run Behavior\BuildLiteBehavior [ RunTime:0.000017s ]
INFO: [ app_init ] --END-- [ RunTime:0.000503s ]
INFO: [ app_begin ] --START--
INFO: Run Behavior\ReadHtmlCacheBehavior [ RunTime:0.000471s ]
INFO: [ app_begin ] --END-- [ RunTime:0.000518s ]
SQL: SELECT * FROM `jx_category`  [ RunTime:0.0003s ]
ERR: 非法操作:express

[ 2017-11-12T19:57:50+08:00 ] 127.0.0.1 /member/order.html
INFO: [ app_init ] --START--
INFO: Run Behavior\BuildLiteBehavior [ RunTime:0.000019s ]
INFO: [ app_init ] --END-- [ RunTime:0.000662s ]
INFO: [ app_begin ] --START--
INFO: Run Behavior\ReadHtmlCacheBehavior [ RunTime:0.000979s ]
INFO: [ app_begin ] --END-- [ RunTime:0.001041s ]
SQL: SELECT * FROM `jx_category`  [ RunTime:0.0004s ]
SQL: SELECT * FROM `jx_order` WHERE ( user_id=3 )  [ RunTime:0.0004s ]
INFO: [ view_parse ] --START--
INFO: [ template_filter ] --START--
INFO: Run Behavior\ContentReplaceBehavior [ RunTime:0.000138s ]
INFO: [ template_filter ] --END-- [ RunTime:0.000188s ]
INFO: Run Behavior\ParseTemplateBehavior [ RunTime:0.018010s ]
INFO: [ view_parse ] --END-- [ RunTime:0.018072s ]
INFO: [ view_filter ] --START--
INFO: Run Behavior\WriteHtmlCacheBehavior [ RunTime:0.000683s ]
INFO: [ view_filter ] --END-- [ RunTime:0.000722s ]
INFO: [ app_end ] --START--
INFO: Run Behavior\ShowPageTraceBehavior [ RunTime:0.000848s ]
INFO: [ app_end ] --END-- [ RunTime:0.000893s ]

[ 2017-11-12T19:57:56+08:00 ] 127.0.0.1 /Member/express/order_id/22.html
INFO: [ app_init ] --START--
INFO: Run Behavior\BuildLiteBehavior [ RunTime:0.000017s ]
INFO: [ app_init ] --END-- [ RunTime:0.000607s ]
INFO: [ app_begin ] --START--
INFO: Run Behavior\ReadHtmlCacheBehavior [ RunTime:0.000957s ]
INFO: [ app_begin ] --END-- [ RunTime:0.001017s ]
SQL: SELECT * FROM `jx_category`  [ RunTime:0.0002s ]
INFO: [ view_parse ] --START--
INFO: [ template_filter ] --START--
INFO: Run Behavior\ContentReplaceBehavior [ RunTime:0.000146s ]
INFO: [ template_filter ] --END-- [ RunTime:0.000196s ]
NOTIC: [8] Undefined variable: data E:\practice\jxshop\Application\Runtime\Cache\Home\53eddc7c051e4f195ae5bc65b42fdaf1.php 第 242 行.
INFO: Run Behavior\ParseTemplateBehavior [ RunTime:0.016466s ]
INFO: [ view_parse ] --END-- [ RunTime:0.016516s ]
INFO: [ view_filter ] --START--
INFO: Run Behavior\WriteHtmlCacheBehavior [ RunTime:0.000646s ]
INFO: [ view_filter ] --END-- [ RunTime:0.000684s ]
INFO: [ app_end ] --START--
INFO: Run Behavior\ShowPageTraceBehavior [ RunTime:0.000829s ]
INFO: [ app_end ] --END-- [ RunTime:0.000873s ]

[ 2017-11-12T19:58:35+08:00 ] 127.0.0.1 /Member/express/order_id/22.html
INFO: [ app_init ] --START--
INFO: Run Behavior\BuildLiteBehavior [ RunTime:0.000017s ]
INFO: [ app_init ] --END-- [ RunTime:0.000508s ]
INFO: [ app_begin ] --START--
INFO: Run Behavior\ReadHtmlCacheBehavior [ RunTime:0.000617s ]
INFO: [ app_begin ] --END-- [ RunTime:0.000676s ]
SQL: SELECT * FROM `jx_category`  [ RunTime:0.0002s ]
INFO: [ view_parse ] --START--
INFO: [ template_filter ] --START--
INFO: Run Behavior\ContentReplaceBehavior [ RunTime:0.000152s ]
INFO: [ template_filter ] --END-- [ RunTime:0.000205s ]
NOTIC: [8] Undefined variable: data E:\practice\jxshop\Application\Runtime\Cache\Home\53eddc7c051e4f195ae5bc65b42fdaf1.php 第 242 行.
INFO: Run Behavior\ParseTemplateBehavior [ RunTime:0.016881s ]
INFO: [ view_parse ] --END-- [ RunTime:0.016932s ]
INFO: [ view_filter ] --START--
INFO: Run Behavior\WriteHtmlCacheBehavior [ RunTime:0.000652s ]
INFO: [ view_filter ] --END-- [ RunTime:0.000689s ]
INFO: [ app_end ] --START--
INFO: Run Behavior\ShowPageTraceBehavior [ RunTime:0.000846s ]
INFO: [ app_end ] --END-- [ RunTime:0.000902s ]

[ 2017-11-12T19:58:36+08:00 ] 127.0.0.1 /Member/express/order_id/22.html
INFO: [ app_init ] --START--
INFO: Run Behavior\BuildLiteBehavior [ RunTime:0.000012s ]
INFO: [ app_init ] --END-- [ RunTime:0.000390s ]
INFO: [ app_begin ] --START--
INFO: Run Behavior\ReadHtmlCacheBehavior [ RunTime:0.000475s ]
INFO: [ app_begin ] --END-- [ RunTime:0.000520s ]
SQL: SELECT * FROM `jx_category`  [ RunTime:0.0003s ]
INFO: [ view_parse ] --START--
INFO: [ template_filter ] --START--
INFO: Run Behavior\ContentReplaceBehavior [ RunTime:0.000149s ]
INFO: [ template_filter ] --END-- [ RunTime:0.000201s ]
NOTIC: [8] Undefined variable: data E:\practice\jxshop\Application\Runtime\Cache\Home\53eddc7c051e4f195ae5bc65b42fdaf1.php 第 242 行.
INFO: Run Behavior\ParseTemplateBehavior [ RunTime:0.016488s ]
INFO: [ view_parse ] --END-- [ RunTime:0.016534s ]
INFO: [ view_filter ] --START--
INFO: Run Behavior\WriteHtmlCacheBehavior [ RunTime:0.000651s ]
INFO: [ view_filter ] --END-- [ RunTime:0.000687s ]
INFO: [ app_end ] --START--
INFO: Run Behavior\ShowPageTraceBehavior [ RunTime:0.000834s ]
INFO: [ app_end ] --END-- [ RunTime:0.000918s ]

[ 2017-11-12T19:58:36+08:00 ] 127.0.0.1 /Member/express/order_id/22.html
INFO: [ app_init ] --START--
INFO: Run Behavior\BuildLiteBehavior [ RunTime:0.000018s ]
INFO: [ app_init ] --END-- [ RunTime:0.000518s ]
INFO: [ app_begin ] --START--
INFO: Run Behavior\ReadHtmlCacheBehavior [ RunTime:0.000619s ]
INFO: [ app_begin ] --END-- [ RunTime:0.000678s ]
SQL: SELECT * FROM `jx_category`  [ RunTime:0.0003s ]
INFO: [ view_parse ] --START--
INFO: [ template_filter ] --START--
INFO: Run Behavior\ContentReplaceBehavior [ RunTime:0.000148s ]
INFO: [ template_filter ] --END-- [ RunTime:0.000202s ]
NOTIC: [8] Undefined variable: data E:\practice\jxshop\Application\Runtime\Cache\Home\53eddc7c051e4f195ae5bc65b42fdaf1.php 第 242 行.
INFO: Run Behavior\ParseTemplateBehavior [ RunTime:0.016563s ]
INFO: [ view_parse ] --END-- [ RunTime:0.016609s ]
INFO: [ view_filter ] --START--
INFO: Run Behavior\WriteHtmlCacheBehavior [ RunTime:0.000638s ]
INFO: [ view_filter ] --END-- [ RunTime:0.000674s ]
INFO: [ app_end ] --START--
INFO: Run Behavior\ShowPageTraceBehavior [ RunTime:0.000825s ]
INFO: [ app_end ] --END-- [ RunTime:0.000868s ]

[ 2017-11-12T19:58:36+08:00 ] 127.0.0.1 /Member/express/order_id/22.html
INFO: [ app_init ] --START--
INFO: Run Behavior\BuildLiteBehavior [ RunTime:0.000013s ]
INFO: [ app_init ] --END-- [ RunTime:0.000440s ]
INFO: [ app_begin ] --START--
INFO: Run Behavior\ReadHtmlCacheBehavior [ RunTime:0.000475s ]
INFO: [ app_begin ] --END-- [ RunTime:0.000520s ]
SQL: SELECT * FROM `jx_category`  [ RunTime:0.0002s ]
INFO: [ view_parse ] --START--
INFO: [ template_filter ] --START--
INFO: Run Behavior\ContentReplaceBehavior [ RunTime:0.000154s ]
INFO: [ template_filter ] --END-- [ RunTime:0.000215s ]
NOTIC: [8] Undefined variable: data E:\practice\jxshop\Application\Runtime\Cache\Home\53eddc7c051e4f195ae5bc65b42fdaf1.php 第 242 行.
INFO: Run Behavior\ParseTemplateBehavior [ RunTime:0.016753s ]
INFO: [ view_parse ] --END-- [ RunTime:0.016801s ]
INFO: [ view_filter ] --START--
INFO: Run Behavior\WriteHtmlCacheBehavior [ RunTime:0.000654s ]
INFO: [ view_filter ] --END-- [ RunTime:0.000691s ]
INFO: [ app_end ] --START--
INFO: Run Behavior\ShowPageTraceBehavior [ RunTime:0.000871s ]
INFO: [ app_end ] --END-- [ RunTime:0.000919s ]

[ 2017-11-12T19:59:14+08:00 ] 127.0.0.1 /member/order.html
INFO: [ app_init ] --START--
INFO: Run Behavior\BuildLiteBehavior [ RunTime:0.000017s ]
INFO: [ app_init ] --END-- [ RunTime:0.000502s ]
INFO: [ app_begin ] --START--
INFO: Run Behavior\ReadHtmlCacheBehavior [ RunTime:0.000634s ]
INFO: [ app_begin ] --END-- [ RunTime:0.000693s ]
SQL: SELECT * FROM `jx_category`  [ RunTime:0.0003s ]
SQL: SELECT * FROM `jx_order` WHERE ( user_id=3 )  [ RunTime:0.0002s ]
INFO: [ view_parse ] --START--
INFO: [ template_filter ] --START--
INFO: Run Behavior\ContentReplaceBehavior [ RunTime:0.000148s ]
INFO: [ template_filter ] --END-- [ RunTime:0.000199s ]
INFO: Run Behavior\ParseTemplateBehavior [ RunTime:0.016876s ]
INFO: [ view_parse ] --END-- [ RunTime:0.016943s ]
INFO: [ view_filter ] --START--
INFO: Run Behavior\WriteHtmlCacheBehavior [ RunTime:0.000712s ]
INFO: [ view_filter ] --END-- [ RunTime:0.000761s ]
INFO: [ app_end ] --START--
INFO: Run Behavior\ShowPageTraceBehavior [ RunTime:0.000963s ]
INFO: [ app_end ] --END-- [ RunTime:0.001019s ]

[ 2017-11-12T19:59:15+08:00 ] 127.0.0.1 /member/order.html
INFO: [ app_init ] --START--
INFO: Run Behavior\BuildLiteBehavior [ RunTime:0.000012s ]
INFO: [ app_init ] --END-- [ RunTime:0.000380s ]
INFO: [ app_begin ] --START--
INFO: Run Behavior\ReadHtmlCacheBehavior [ RunTime:0.000472s ]
INFO: [ app_begin ] --END-- [ RunTime:0.000515s ]
SQL: SELECT * FROM `jx_category`  [ RunTime:0.0002s ]
SQL: SELECT * FROM `jx_order` WHERE ( user_id=3 )  [ RunTime:0.0002s ]
INFO: [ view_parse ] --START--
INFO: [ template_filter ] --START--
INFO: Run Behavior\ContentReplaceBehavior [ RunTime:0.000157s ]
INFO: [ template_filter ] --END-- [ RunTime:0.000224s ]
INFO: Run Behavior\ParseTemplateBehavior [ RunTime:0.016824s ]
INFO: [ view_parse ] --END-- [ RunTime:0.016883s ]
INFO: [ view_filter ] --START--
INFO: Run Behavior\WriteHtmlCacheBehavior [ RunTime:0.000658s ]
INFO: [ view_filter ] --END-- [ RunTime:0.000695s ]
INFO: [ app_end ] --START--
INFO: Run Behavior\ShowPageTraceBehavior [ RunTime:0.000829s ]
INFO: [ app_end ] --END-- [ RunTime:0.000876s ]

[ 2017-11-12T19:59:15+08:00 ] 127.0.0.1 /member/order.html
INFO: [ app_init ] --START--
INFO: Run Behavior\BuildLiteBehavior [ RunTime:0.000015s ]
INFO: [ app_init ] --END-- [ RunTime:0.000428s ]
INFO: [ app_begin ] --START--
INFO: Run Behavior\ReadHtmlCacheBehavior [ RunTime:0.000484s ]
INFO: [ app_begin ] --END-- [ RunTime:0.000529s ]
SQL: SELECT * FROM `jx_category`  [ RunTime:0.0002s ]
SQL: SELECT * FROM `jx_order` WHERE ( user_id=3 )  [ RunTime:0.0002s ]
INFO: [ view_parse ] --START--
INFO: [ template_filter ] --START--
INFO: Run Behavior\ContentReplaceBehavior [ RunTime:0.000149s ]
INFO: [ template_filter ] --END-- [ RunTime:0.000202s ]
INFO: Run Behavior\ParseTemplateBehavior [ RunTime:0.016882s ]
INFO: [ view_parse ] --END-- [ RunTime:0.016942s ]
INFO: [ view_filter ] --START--
INFO: Run Behavior\WriteHtmlCacheBehavior [ RunTime:0.000661s ]
INFO: [ view_filter ] --END-- [ RunTime:0.000697s ]
INFO: [ app_end ] --START--
INFO: Run Behavior\ShowPageTraceBehavior [ RunTime:0.000840s ]
INFO: [ app_end ] --END-- [ RunTime:0.000886s ]

[ 2017-11-12T19:59:15+08:00 ] 127.0.0.1 /member/order.html
INFO: [ app_init ] --START--
INFO: Run Behavior\BuildLiteBehavior [ RunTime:0.000015s ]
INFO: [ app_init ] --END-- [ RunTime:0.000389s ]
INFO: [ app_begin ] --START--
INFO: Run Behavior\ReadHtmlCacheBehavior [ RunTime:0.000469s ]
INFO: [ app_begin ] --END-- [ RunTime:0.000513s ]
SQL: SELECT * FROM `jx_category`  [ RunTime:0.0002s ]
SQL: SELECT * FROM `jx_order` WHERE ( user_id=3 )  [ RunTime:0.0002s ]
INFO: [ view_parse ] --START--
INFO: [ template_filter ] --START--
INFO: Run Behavior\ContentReplaceBehavior [ RunTime:0.000148s ]
INFO: [ template_filter ] --END-- [ RunTime:0.000200s ]
INFO: Run Behavior\ParseTemplateBehavior [ RunTime:0.017315s ]
INFO: [ view_parse ] --END-- [ RunTime:0.017365s ]
INFO: [ view_filter ] --START--
INFO: Run Behavior\WriteHtmlCacheBehavior [ RunTime:0.000650s ]
INFO: [ view_filter ] --END-- [ RunTime:0.000687s ]
INFO: [ app_end ] --START--
INFO: Run Behavior\ShowPageTraceBehavior [ RunTime:0.001004s ]
INFO: [ app_end ] --END-- [ RunTime:0.001072s ]

[ 2017-11-12T19:59:21+08:00 ] 127.0.0.1 /Member/express/order_id/22.html
INFO: [ app_init ] --START--
INFO: Run Behavior\BuildLiteBehavior [ RunTime:0.000015s ]
INFO: [ app_init ] --END-- [ RunTime:0.000493s ]
INFO: [ app_begin ] --START--
INFO: Run Behavior\ReadHtmlCacheBehavior [ RunTime:0.000618s ]
INFO: [ app_begin ] --END-- [ RunTime:0.000676s ]
SQL: SELECT * FROM `jx_category`  [ RunTime:0.0002s ]
INFO: [ view_parse ] --START--
INFO: [ template_filter ] --START--
INFO: Run Behavior\ContentReplaceBehavior [ RunTime:0.000138s ]
INFO: [ template_filter ] --END-- [ RunTime:0.000185s ]
NOTIC: [8] Undefined variable: data E:\practice\jxshop\Application\Runtime\Cache\Home\53eddc7c051e4f195ae5bc65b42fdaf1.php 第 242 行.
INFO: Run Behavior\ParseTemplateBehavior [ RunTime:0.016350s ]
INFO: [ view_parse ] --END-- [ RunTime:0.016399s ]
INFO: [ view_filter ] --START--
INFO: Run Behavior\WriteHtmlCacheBehavior [ RunTime:0.000660s ]
INFO: [ view_filter ] --END-- [ RunTime:0.000697s ]
INFO: [ app_end ] --START--
INFO: Run Behavior\ShowPageTraceBehavior [ RunTime:0.000861s ]
INFO: [ app_end ] --END-- [ RunTime:0.000914s ]

[ 2017-11-12T20:01:10+08:00 ] 127.0.0.1 /Member/express/order_id/22.html
INFO: [ app_init ] --START--
INFO: Run Behavior\BuildLiteBehavior [ RunTime:0.000016s ]
INFO: [ app_init ] --END-- [ RunTime:0.000534s ]
INFO: [ app_begin ] --START--
INFO: Run Behavior\ReadHtmlCacheBehavior [ RunTime:0.000742s ]
INFO: [ app_begin ] --END-- [ RunTime:0.000789s ]
SQL: SELECT * FROM `jx_category`  [ RunTime:0.0002s ]
SQL: SHOW COLUMNS FROM `jx_order` [ RunTime:0.0062s ]
SQL: SELECT * FROM `jx_order` WHERE ( id=22 ) LIMIT 1   [ RunTime:0.0004s ]

[ 2017-11-12T20:03:20+08:00 ] 127.0.0.1 /Member/express/order_id/22.html
INFO: [ app_init ] --START--
INFO: Run Behavior\BuildLiteBehavior [ RunTime:0.000013s ]
INFO: [ app_init ] --END-- [ RunTime:0.000485s ]
INFO: [ app_begin ] --START--
INFO: Run Behavior\ReadHtmlCacheBehavior [ RunTime:0.000747s ]
INFO: [ app_begin ] --END-- [ RunTime:0.000793s ]
SQL: SELECT * FROM `jx_category`  [ RunTime:0.0002s ]
SQL: SHOW COLUMNS FROM `jx_order` [ RunTime:0.0067s ]
SQL: SELECT * FROM `jx_order` WHERE ( id=22 ) LIMIT 1   [ RunTime:0.0002s ]

[ 2017-11-12T20:04:02+08:00 ] 127.0.0.1 /Member/express/order_id/22.html
INFO: [ app_init ] --START--
INFO: Run Behavior\BuildLiteBehavior [ RunTime:0.000023s ]
INFO: [ app_init ] --END-- [ RunTime:0.000463s ]
INFO: [ app_begin ] --START--
INFO: Run Behavior\ReadHtmlCacheBehavior [ RunTime:0.000745s ]
INFO: [ app_begin ] --END-- [ RunTime:0.000792s ]
SQL: SELECT * FROM `jx_category`  [ RunTime:0.0002s ]
SQL: SHOW COLUMNS FROM `jx_order` [ RunTime:0.0062s ]
SQL: SELECT * FROM `jx_order` WHERE ( id=22 ) LIMIT 1   [ RunTime:0.0002s ]

[ 2017-11-12T20:07:30+08:00 ] 127.0.0.1 /Member/express/order_id/22.html
INFO: [ app_init ] --START--
INFO: Run Behavior\BuildLiteBehavior [ RunTime:0.000016s ]
INFO: [ app_init ] --END-- [ RunTime:0.000611s ]
INFO: [ app_begin ] --START--
INFO: Run Behavior\ReadHtmlCacheBehavior [ RunTime:0.000997s ]
INFO: [ app_begin ] --END-- [ RunTime:0.001063s ]
SQL: SELECT * FROM `jx_category`  [ RunTime:0.0002s ]
SQL: SHOW COLUMNS FROM `jx_order` [ RunTime:0.0063s ]
SQL: SELECT * FROM `jx_order` WHERE ( id=22 ) LIMIT 1   [ RunTime:0.0002s ]

[ 2017-11-12T20:09:53+08:00 ] 127.0.0.1 /Member/express/order_id/22.html
INFO: [ app_init ] --START--
INFO: Run Behavior\BuildLiteBehavior [ RunTime:0.000018s ]
INFO: [ app_init ] --END-- [ RunTime:0.000632s ]
INFO: [ app_begin ] --START--
INFO: Run Behavior\ReadHtmlCacheBehavior [ RunTime:0.000975s ]
INFO: [ app_begin ] --END-- [ RunTime:0.001039s ]
SQL: SELECT * FROM `jx_category`  [ RunTime:0.0003s ]
SQL: SHOW COLUMNS FROM `jx_order` [ RunTime:0.0062s ]
SQL: SELECT * FROM `jx_order` WHERE ( id=22 ) LIMIT 1   [ RunTime:0.0002s ]

[ 2017-11-12T20:21:06+08:00 ] 127.0.0.1 /Member/express/order_id/22.html
INFO: [ app_init ] --START--
INFO: Run Behavior\BuildLiteBehavior [ RunTime:0.000019s ]
INFO: [ app_init ] --END-- [ RunTime:0.000685s ]
INFO: [ app_begin ] --START--
INFO: Run Behavior\ReadHtmlCacheBehavior [ RunTime:0.000977s ]
INFO: [ app_begin ] --END-- [ RunTime:0.001043s ]
SQL: SELECT * FROM `jx_category`  [ RunTime:0.0002s ]
SQL: SHOW COLUMNS FROM `jx_order` [ RunTime:0.0068s ]
SQL: SELECT * FROM `jx_order` WHERE ( id=22 ) LIMIT 1   [ RunTime:0.0002s ]

[ 2017-11-12T20:25:51+08:00 ] 127.0.0.1 /Member/express/order_id/22.html
INFO: [ app_init ] --START--
INFO: Run Behavior\BuildLiteBehavior [ RunTime:0.000018s ]
INFO: [ app_init ] --END-- [ RunTime:0.000638s ]
INFO: [ app_begin ] --START--
INFO: Run Behavior\ReadHtmlCacheBehavior [ RunTime:0.000747s ]
INFO: [ app_begin ] --END-- [ RunTime:0.000798s ]
SQL: SELECT * FROM `jx_category`  [ RunTime:0.0003s ]
SQL: SHOW COLUMNS FROM `jx_order` [ RunTime:0.0068s ]
SQL: SELECT * FROM `jx_order` WHERE ( id=22 ) LIMIT 1   [ RunTime:0.0002s ]

[ 2017-11-12T20:27:02+08:00 ] 127.0.0.1 /Member/express/order_id/22.html
INFO: [ app_init ] --START--
INFO: Run Behavior\BuildLiteBehavior [ RunTime:0.000018s ]
INFO: [ app_init ] --END-- [ RunTime:0.000641s ]
INFO: [ app_begin ] --START--
INFO: Run Behavior\ReadHtmlCacheBehavior [ RunTime:0.000984s ]
INFO: [ app_begin ] --END-- [ RunTime:0.001049s ]
SQL: SELECT * FROM `jx_category`  [ RunTime:0.0003s ]
SQL: SHOW COLUMNS FROM `jx_order` [ RunTime:0.0061s ]
SQL: SELECT * FROM `jx_order` WHERE ( id=22 ) LIMIT 1   [ RunTime:0.0002s ]
INFO: [ view_parse ] --START--
INFO: [ template_filter ] --START--
INFO: Run Behavior\ContentReplaceBehavior [ RunTime:0.000153s ]
INFO: [ template_filter ] --END-- [ RunTime:0.000223s ]
INFO: Run Behavior\ParseTemplateBehavior [ RunTime:0.032331s ]
INFO: [ view_parse ] --END-- [ RunTime:0.032426s ]
INFO: [ view_filter ] --START--
INFO: Run Behavior\WriteHtmlCacheBehavior [ RunTime:0.000660s ]
INFO: [ view_filter ] --END-- [ RunTime:0.000700s ]
INFO: [ app_end ] --START--
INFO: Run Behavior\ShowPageTraceBehavior [ RunTime:0.000860s ]
INFO: [ app_end ] --END-- [ RunTime:0.000907s ]

