[ 2017-11-12T18:19:57+08:00 ] 127.0.0.1 /Admin/Login/login.html
INFO: [ app_init ] --START--
INFO: Run Behavior\BuildLiteBehavior [ RunTime:0.000017s ]
INFO: [ app_init ] --END-- [ RunTime:0.000628s ]
INFO: [ app_begin ] --START--
INFO: Run Behavior\ReadHtmlCacheBehavior [ RunTime:0.000998s ]
INFO: [ app_begin ] --END-- [ RunTime:0.001066s ]
INFO: [ view_parse ] --START--
INFO: [ template_filter ] --START--
INFO: Run Behavior\ContentReplaceBehavior [ RunTime:0.014597s ]
INFO: [ template_filter ] --END-- [ RunTime:0.014689s ]
INFO: Run Behavior\ParseTemplateBehavior [ RunTime:0.024829s ]
INFO: [ view_parse ] --END-- [ RunTime:0.024900s ]
INFO: [ view_filter ] --START--
INFO: Run Behavior\WriteHtmlCacheBehavior [ RunTime:0.000512s ]
INFO: [ view_filter ] --END-- [ RunTime:0.000553s ]
INFO: [ app_end ] --START--
INFO: Run Behavior\ShowPageTraceBehavior [ RunTime:0.000687s ]
INFO: [ app_end ] --END-- [ RunTime:0.000728s ]

[ 2017-11-12T18:19:57+08:00 ] 127.0.0.1 /Admin/Login/verify.html
INFO: [ app_init ] --START--
INFO: Run Behavior\BuildLiteBehavior [ RunTime:0.000014s ]
INFO: [ app_init ] --END-- [ RunTime:0.000418s ]
INFO: [ app_begin ] --START--
INFO: Run Behavior\ReadHtmlCacheBehavior [ RunTime:0.000506s ]
INFO: [ app_begin ] --END-- [ RunTime:0.000557s ]
INFO: [ app_end ] --START--
INFO: Run Behavior\ShowPageTraceBehavior [ RunTime:0.000636s ]
INFO: [ app_end ] --END-- [ RunTime:0.000715s ]

[ 2017-11-12T18:20:12+08:00 ] 127.0.0.1 /Admin/Login/login.html
INFO: [ app_init ] --START--
INFO: Run Behavior\BuildLiteBehavior [ RunTime:0.000011s ]
INFO: [ app_init ] --END-- [ RunTime:0.000353s ]
INFO: [ app_begin ] --START--
INFO: Run Behavior\ReadHtmlCacheBehavior [ RunTime:0.000430s ]
INFO: [ app_begin ] --END-- [ RunTime:0.000484s ]
INFO: [ view_parse ] --START--
INFO: [ template_filter ] --START--
INFO: Run Behavior\ContentReplaceBehavior [ RunTime:0.000051s ]
INFO: [ template_filter ] --END-- [ RunTime:0.000107s ]
INFO: Run Behavior\ParseTemplateBehavior [ RunTime:0.048291s ]
INFO: [ view_parse ] --END-- [ RunTime:0.048352s ]
INFO: [ view_filter ] --START--
INFO: Run Behavior\WriteHtmlCacheBehavior [ RunTime:0.000626s ]
INFO: [ view_filter ] --END-- [ RunTime:0.000666s ]

[ 2017-11-12T18:20:13+08:00 ] 127.0.0.1 /Admin/Login/login.html
INFO: [ app_init ] --START--
INFO: Run Behavior\BuildLiteBehavior [ RunTime:0.000016s ]
INFO: [ app_init ] --END-- [ RunTime:0.000489s ]
INFO: [ app_begin ] --START--
INFO: Run Behavior\ReadHtmlCacheBehavior [ RunTime:0.000613s ]
INFO: [ app_begin ] --END-- [ RunTime:0.000674s ]
INFO: [ view_parse ] --START--
INFO: [ template_filter ] --START--
INFO: Run Behavior\ContentReplaceBehavior [ RunTime:0.000060s ]
INFO: [ template_filter ] --END-- [ RunTime:0.000107s ]
INFO: Run Behavior\ParseTemplateBehavior [ RunTime:0.006232s ]
INFO: [ view_parse ] --END-- [ RunTime:0.006279s ]
INFO: [ view_filter ] --START--
INFO: Run Behavior\WriteHtmlCacheBehavior [ RunTime:0.000629s ]
INFO: [ view_filter ] --END-- [ RunTime:0.000672s ]
INFO: [ app_end ] --START--
INFO: Run Behavior\ShowPageTraceBehavior [ RunTime:0.000846s ]
INFO: [ app_end ] --END-- [ RunTime:0.000890s ]

[ 2017-11-12T18:20:24+08:00 ] 127.0.0.1 /Admin/Login/verify.html?data=1510482024259
INFO: [ app_init ] --START--
INFO: Run Behavior\BuildLiteBehavior [ RunTime:0.000016s ]
INFO: [ app_init ] --END-- [ RunTime:0.000493s ]
INFO: [ app_begin ] --START--
INFO: Run Behavior\ReadHtmlCacheBehavior [ RunTime:0.000646s ]
INFO: [ app_begin ] --END-- [ RunTime:0.000708s ]
INFO: [ app_end ] --START--
INFO: Run Behavior\ShowPageTraceBehavior [ RunTime:0.000508s ]
INFO: [ app_end ] --END-- [ RunTime:0.000566s ]

[ 2017-11-12T18:20:25+08:00 ] 127.0.0.1 /Admin/Login/verify.html?data=1510482025533
INFO: [ app_init ] --START--
INFO: Run Behavior\BuildLiteBehavior [ RunTime:0.000013s ]
INFO: [ app_init ] --END-- [ RunTime:0.000417s ]
INFO: [ app_begin ] --START--
INFO: Run Behavior\ReadHtmlCacheBehavior [ RunTime:0.000455s ]
INFO: [ app_begin ] --END-- [ RunTime:0.000507s ]
INFO: [ app_end ] --START--
INFO: Run Behavior\ShowPageTraceBehavior [ RunTime:0.000677s ]
INFO: [ app_end ] --END-- [ RunTime:0.000754s ]

[ 2017-11-12T18:20:30+08:00 ] 127.0.0.1 /Admin/Login/login.html
INFO: [ app_init ] --START--
INFO: Run Behavior\BuildLiteBehavior [ RunTime:0.000013s ]
INFO: [ app_init ] --END-- [ RunTime:0.000384s ]
INFO: [ app_begin ] --START--
INFO: Run Behavior\ReadHtmlCacheBehavior [ RunTime:0.000467s ]
INFO: [ app_begin ] --END-- [ RunTime:0.000514s ]
NOTIC: [2048] Declaration of Admin\Model\AdminModel::_after_insert() should be compatible with Think\Model::_after_insert($data, $options) E:\practice\jxshop\Application\Admin\Model\AdminModel.class.php 第 7 行.
SQL: SELECT * FROM `jx_admin` WHERE ( username='admin' ) LIMIT 1   [ RunTime:0.0145s ]
INFO: [ view_parse ] --START--
INFO: [ template_filter ] --START--
INFO: Run Behavior\ContentReplaceBehavior [ RunTime:0.000127s ]
INFO: [ template_filter ] --END-- [ RunTime:0.000260s ]
INFO: Run Behavior\ParseTemplateBehavior [ RunTime:0.013780s ]
INFO: [ view_parse ] --END-- [ RunTime:0.013918s ]
INFO: [ view_filter ] --START--
INFO: Run Behavior\WriteHtmlCacheBehavior [ RunTime:0.000683s ]
INFO: [ view_filter ] --END-- [ RunTime:0.000783s ]
INFO: [ app_end ] --START--
INFO: Run Behavior\ShowPageTraceBehavior [ RunTime:0.001221s ]
INFO: [ app_end ] --END-- [ RunTime:0.001320s ]

[ 2017-11-12T18:20:31+08:00 ] 127.0.0.1 /Admin/Index/index.html
INFO: [ app_init ] --START--
INFO: Run Behavior\BuildLiteBehavior [ RunTime:0.000014s ]
INFO: [ app_init ] --END-- [ RunTime:0.000394s ]
INFO: [ app_begin ] --START--
INFO: Run Behavior\ReadHtmlCacheBehavior [ RunTime:0.000471s ]
INFO: [ app_begin ] --END-- [ RunTime:0.000518s ]
SQL: SHOW COLUMNS FROM `jx_admin_role` [ RunTime:0.0134s ]
SQL: SELECT * FROM `jx_admin_role` WHERE ( admin_id=1 ) LIMIT 1   [ RunTime:0.0004s ]
SQL: SELECT * FROM `jx_rule`  [ RunTime:0.0161s ]
INFO: [ view_parse ] --START--
INFO: [ template_filter ] --START--
INFO: Run Behavior\ContentReplaceBehavior [ RunTime:0.000059s ]
INFO: [ template_filter ] --END-- [ RunTime:0.000131s ]
INFO: Run Behavior\ParseTemplateBehavior [ RunTime:0.006153s ]
INFO: [ view_parse ] --END-- [ RunTime:0.006234s ]
INFO: [ view_filter ] --START--
INFO: Run Behavior\WriteHtmlCacheBehavior [ RunTime:0.000410s ]
INFO: [ view_filter ] --END-- [ RunTime:0.000478s ]
INFO: [ app_end ] --START--
INFO: Run Behavior\ShowPageTraceBehavior [ RunTime:0.000725s ]
INFO: [ app_end ] --END-- [ RunTime:0.000790s ]

[ 2017-11-12T18:20:31+08:00 ] 127.0.0.1 /Admin/Index/top.html
INFO: [ app_init ] --START--
INFO: Run Behavior\BuildLiteBehavior [ RunTime:0.000018s ]
INFO: [ app_init ] --END-- [ RunTime:0.000523s ]
INFO: [ app_begin ] --START--
INFO: Run Behavior\ReadHtmlCacheBehavior [ RunTime:0.000664s ]
INFO: [ app_begin ] --END-- [ RunTime:0.000742s ]
SQL: SHOW COLUMNS FROM `jx_admin_role` [ RunTime:0.0057s ]
SQL: SELECT * FROM `jx_admin_role` WHERE ( admin_id=1 ) LIMIT 1   [ RunTime:0.0001s ]
SQL: SELECT * FROM `jx_rule`  [ RunTime:0.0002s ]
INFO: [ view_parse ] --START--
INFO: [ template_filter ] --START--
INFO: Run Behavior\ContentReplaceBehavior [ RunTime:0.000074s ]
INFO: [ template_filter ] --END-- [ RunTime:0.000129s ]
INFO: Run Behavior\ParseTemplateBehavior [ RunTime:0.006111s ]
INFO: [ view_parse ] --END-- [ RunTime:0.006177s ]
INFO: [ view_filter ] --START--
INFO: Run Behavior\WriteHtmlCacheBehavior [ RunTime:0.000271s ]
INFO: [ view_filter ] --END-- [ RunTime:0.000308s ]
INFO: [ app_end ] --START--
INFO: Run Behavior\ShowPageTraceBehavior [ RunTime:0.000479s ]
INFO: [ app_end ] --END-- [ RunTime:0.000518s ]

[ 2017-11-12T18:20:32+08:00 ] 127.0.0.1 /Admin/Index/menu.html
INFO: [ app_init ] --START--
INFO: Run Behavior\BuildLiteBehavior [ RunTime:0.000013s ]
INFO: [ app_init ] --END-- [ RunTime:0.000379s ]
INFO: [ app_begin ] --START--
INFO: Run Behavior\ReadHtmlCacheBehavior [ RunTime:0.000845s ]
INFO: [ app_begin ] --END-- [ RunTime:0.000907s ]
SQL: SHOW COLUMNS FROM `jx_admin_role` [ RunTime:0.0070s ]
SQL: SELECT * FROM `jx_admin_role` WHERE ( admin_id=1 ) LIMIT 1   [ RunTime:0.0002s ]
SQL: SELECT * FROM `jx_rule`  [ RunTime:0.0003s ]
INFO: [ view_parse ] --START--
INFO: [ template_filter ] --START--
INFO: Run Behavior\ContentReplaceBehavior [ RunTime:0.000143s ]
INFO: [ template_filter ] --END-- [ RunTime:0.000199s ]
INFO: Run Behavior\ParseTemplateBehavior [ RunTime:0.018988s ]
INFO: [ view_parse ] --END-- [ RunTime:0.019040s ]
INFO: [ view_filter ] --START--
INFO: Run Behavior\WriteHtmlCacheBehavior [ RunTime:0.000639s ]
INFO: [ view_filter ] --END-- [ RunTime:0.000682s ]
INFO: [ app_end ] --START--
INFO: Run Behavior\ShowPageTraceBehavior [ RunTime:0.001032s ]
INFO: [ app_end ] --END-- [ RunTime:0.001097s ]

[ 2017-11-12T18:20:32+08:00 ] 127.0.0.1 /Admin/Index/main.html
INFO: [ app_init ] --START--
INFO: Run Behavior\BuildLiteBehavior [ RunTime:0.000022s ]
INFO: [ app_init ] --END-- [ RunTime:0.000427s ]
INFO: [ app_begin ] --START--
INFO: Run Behavior\ReadHtmlCacheBehavior [ RunTime:0.000538s ]
INFO: [ app_begin ] --END-- [ RunTime:0.000589s ]
SQL: SHOW COLUMNS FROM `jx_admin_role` [ RunTime:0.0056s ]
SQL: SELECT * FROM `jx_admin_role` WHERE ( admin_id=1 ) LIMIT 1   [ RunTime:0.0002s ]
SQL: SELECT * FROM `jx_rule`  [ RunTime:0.0003s ]
INFO: [ view_parse ] --START--
INFO: [ template_filter ] --START--
INFO: Run Behavior\ContentReplaceBehavior [ RunTime:0.000080s ]
INFO: [ template_filter ] --END-- [ RunTime:0.000130s ]
INFO: Run Behavior\ParseTemplateBehavior [ RunTime:0.006989s ]
INFO: [ view_parse ] --END-- [ RunTime:0.007040s ]
INFO: [ view_filter ] --START--
INFO: Run Behavior\WriteHtmlCacheBehavior [ RunTime:0.000610s ]
INFO: [ view_filter ] --END-- [ RunTime:0.000649s ]
INFO: [ app_end ] --START--
INFO: Run Behavior\ShowPageTraceBehavior [ RunTime:0.000825s ]
INFO: [ app_end ] --END-- [ RunTime:0.000867s ]

[ 2017-11-12T18:21:12+08:00 ] 127.0.0.1 /Admin/order/index.html
INFO: [ app_init ] --START--
INFO: Run Behavior\BuildLiteBehavior [ RunTime:0.000015s ]
INFO: [ app_init ] --END-- [ RunTime:0.000578s ]
INFO: [ app_begin ] --START--
INFO: Run Behavior\ReadHtmlCacheBehavior [ RunTime:0.000787s ]
INFO: [ app_begin ] --END-- [ RunTime:0.000839s ]
SQL: SHOW COLUMNS FROM `jx_admin_role` [ RunTime:0.0057s ]
SQL: SELECT * FROM `jx_admin_role` WHERE ( admin_id=1 ) LIMIT 1   [ RunTime:0.0002s ]
SQL: SELECT * FROM `jx_rule`  [ RunTime:0.0003s ]
SQL: SHOW COLUMNS FROM `jx_order` [ RunTime:0.0663s ]
SQL: SELECT * FROM `jx_order`  [ RunTime:0.0008s ]
INFO: [ view_parse ] --START--
INFO: [ template_filter ] --START--
INFO: Run Behavior\ContentReplaceBehavior [ RunTime:0.000135s ]
INFO: [ template_filter ] --END-- [ RunTime:0.000267s ]
INFO: Run Behavior\ParseTemplateBehavior [ RunTime:0.046043s ]
INFO: [ view_parse ] --END-- [ RunTime:0.046166s ]
INFO: [ view_filter ] --START--
INFO: Run Behavior\WriteHtmlCacheBehavior [ RunTime:0.001573s ]
INFO: [ view_filter ] --END-- [ RunTime:0.001673s ]
INFO: [ app_end ] --START--
INFO: Run Behavior\ShowPageTraceBehavior [ RunTime:0.002043s ]
INFO: [ app_end ] --END-- [ RunTime:0.002139s ]

[ 2017-11-12T18:21:16+08:00 ] 127.0.0.1 /Admin/Order/send/order_id/22.html
INFO: [ app_init ] --START--
INFO: Run Behavior\BuildLiteBehavior [ RunTime:0.000018s ]
INFO: [ app_init ] --END-- [ RunTime:0.000576s ]
INFO: [ app_begin ] --START--
INFO: Run Behavior\ReadHtmlCacheBehavior [ RunTime:0.000649s ]
INFO: [ app_begin ] --END-- [ RunTime:0.000710s ]
SQL: SHOW COLUMNS FROM `jx_admin_role` [ RunTime:0.0059s ]
SQL: SELECT * FROM `jx_admin_role` WHERE ( admin_id=1 ) LIMIT 1   [ RunTime:0.0002s ]
SQL: SELECT * FROM `jx_rule`  [ RunTime:0.0003s ]
SQL: SHOW COLUMNS FROM `jx_order` [ RunTime:0.0144s ]
SQL: SELECT a.*,b.username FROM jx_order a left join jx_user b on a.user_id=b.id  WHERE ( a.id=22 ) LIMIT 1   [ RunTime:0.0469s ]
INFO: [ view_parse ] --START--
INFO: [ template_filter ] --START--
INFO: Run Behavior\ContentReplaceBehavior [ RunTime:0.000170s ]
INFO: [ template_filter ] --END-- [ RunTime:0.000296s ]
INFO: Run Behavior\ParseTemplateBehavior [ RunTime:0.032040s ]
INFO: [ view_parse ] --END-- [ RunTime:0.032181s ]
INFO: [ view_filter ] --START--
INFO: Run Behavior\WriteHtmlCacheBehavior [ RunTime:0.001556s ]
INFO: [ view_filter ] --END-- [ RunTime:0.001654s ]
INFO: [ app_end ] --START--
INFO: Run Behavior\ShowPageTraceBehavior [ RunTime:0.002020s ]
INFO: [ app_end ] --END-- [ RunTime:0.002120s ]

[ 2017-11-12T18:56:55+08:00 ] 127.0.0.1 /Admin/Order/send/order_id/22.html
INFO: [ app_init ] --START--
INFO: Run Behavior\BuildLiteBehavior [ RunTime:0.000017s ]
INFO: [ app_init ] --END-- [ RunTime:0.000613s ]
INFO: [ app_begin ] --START--
INFO: Run Behavior\ReadHtmlCacheBehavior [ RunTime:0.000957s ]
INFO: [ app_begin ] --END-- [ RunTime:0.001019s ]
SQL: SHOW COLUMNS FROM `jx_admin_role` [ RunTime:0.0061s ]
SQL: SELECT * FROM `jx_admin_role` WHERE ( admin_id=1 ) LIMIT 1   [ RunTime:0.0001s ]
SQL: SELECT * FROM `jx_rule`  [ RunTime:0.0002s ]
SQL: SHOW COLUMNS FROM `jx_order` [ RunTime:0.0058s ]
SQL: SELECT a.*,b.username FROM jx_order a left join jx_user b on a.user_id=b.id  WHERE ( a.id=22 ) LIMIT 1   [ RunTime:0.0002s ]
INFO: [ view_parse ] --START--
INFO: [ template_filter ] --START--
INFO: Run Behavior\ContentReplaceBehavior [ RunTime:0.000073s ]
INFO: [ template_filter ] --END-- [ RunTime:0.000123s ]

[ 2017-11-12T18:57:32+08:00 ] 127.0.0.1 /Admin/Order/send/order_id/22.html
INFO: [ app_init ] --START--
INFO: Run Behavior\BuildLiteBehavior [ RunTime:0.000018s ]
INFO: [ app_init ] --END-- [ RunTime:0.000629s ]
INFO: [ app_begin ] --START--
INFO: Run Behavior\ReadHtmlCacheBehavior [ RunTime:0.000954s ]
INFO: [ app_begin ] --END-- [ RunTime:0.001008s ]
SQL: SHOW COLUMNS FROM `jx_admin_role` [ RunTime:0.0060s ]
SQL: SELECT * FROM `jx_admin_role` WHERE ( admin_id=1 ) LIMIT 1   [ RunTime:0.0003s ]
SQL: SELECT * FROM `jx_rule`  [ RunTime:0.0003s ]
SQL: SHOW COLUMNS FROM `jx_order` [ RunTime:0.0061s ]
SQL: SELECT a.*,b.username FROM jx_order a left join jx_user b on a.user_id=b.id  WHERE ( a.id=22 ) LIMIT 1   [ RunTime:0.0003s ]
INFO: [ view_parse ] --START--
INFO: [ template_filter ] --START--
INFO: Run Behavior\ContentReplaceBehavior [ RunTime:0.000072s ]
INFO: [ template_filter ] --END-- [ RunTime:0.000119s ]
INFO: Run Behavior\ParseTemplateBehavior [ RunTime:0.008751s ]
INFO: [ view_parse ] --END-- [ RunTime:0.008806s ]
INFO: [ view_filter ] --START--
INFO: Run Behavior\WriteHtmlCacheBehavior [ RunTime:0.000615s ]
INFO: [ view_filter ] --END-- [ RunTime:0.000653s ]
INFO: [ app_end ] --START--
INFO: Run Behavior\ShowPageTraceBehavior [ RunTime:0.000807s ]
INFO: [ app_end ] --END-- [ RunTime:0.000856s ]

[ 2017-11-12T18:59:48+08:00 ] 127.0.0.1 /Admin/Order/send/order_id/22.html
INFO: [ app_init ] --START--
INFO: Run Behavior\BuildLiteBehavior [ RunTime:0.000013s ]
INFO: [ app_init ] --END-- [ RunTime:0.000471s ]
INFO: [ app_begin ] --START--
INFO: Run Behavior\ReadHtmlCacheBehavior [ RunTime:0.000689s ]
INFO: [ app_begin ] --END-- [ RunTime:0.000742s ]
SQL: SHOW COLUMNS FROM `jx_admin_role` [ RunTime:0.0059s ]
SQL: SELECT * FROM `jx_admin_role` WHERE ( admin_id=1 ) LIMIT 1   [ RunTime:0.0002s ]
SQL: SELECT * FROM `jx_rule`  [ RunTime:0.0003s ]
SQL: SHOW COLUMNS FROM `jx_order` [ RunTime:0.0061s ]
SQL: SELECT a.*,b.username FROM jx_order a left join jx_user b on a.user_id=b.id  WHERE ( a.id=22 ) LIMIT 1   [ RunTime:0.0002s ]
INFO: [ view_parse ] --START--
INFO: [ template_filter ] --START--
INFO: Run Behavior\ContentReplaceBehavior [ RunTime:0.000073s ]
INFO: [ template_filter ] --END-- [ RunTime:0.000120s ]
INFO: Run Behavior\ParseTemplateBehavior [ RunTime:0.009099s ]
INFO: [ view_parse ] --END-- [ RunTime:0.009151s ]
INFO: [ view_filter ] --START--
INFO: Run Behavior\WriteHtmlCacheBehavior [ RunTime:0.000619s ]
INFO: [ view_filter ] --END-- [ RunTime:0.000659s ]
INFO: [ app_end ] --START--
INFO: Run Behavior\ShowPageTraceBehavior [ RunTime:0.000803s ]
INFO: [ app_end ] --END-- [ RunTime:0.000846s ]

[ 2017-11-12T18:59:48+08:00 ] 127.0.0.1 /Admin/Order/send/order_id/22.html
INFO: [ app_init ] --START--
INFO: Run Behavior\BuildLiteBehavior [ RunTime:0.000017s ]
INFO: [ app_init ] --END-- [ RunTime:0.000515s ]
INFO: [ app_begin ] --START--
INFO: Run Behavior\ReadHtmlCacheBehavior [ RunTime:0.000666s ]
INFO: [ app_begin ] --END-- [ RunTime:0.000740s ]
SQL: SHOW COLUMNS FROM `jx_admin_role` [ RunTime:0.0056s ]
SQL: SELECT * FROM `jx_admin_role` WHERE ( admin_id=1 ) LIMIT 1   [ RunTime:0.0002s ]
SQL: SELECT * FROM `jx_rule`  [ RunTime:0.0003s ]
SQL: SHOW COLUMNS FROM `jx_order` [ RunTime:0.0061s ]
SQL: SELECT a.*,b.username FROM jx_order a left join jx_user b on a.user_id=b.id  WHERE ( a.id=22 ) LIMIT 1   [ RunTime:0.0002s ]
INFO: [ view_parse ] --START--
INFO: [ template_filter ] --START--
INFO: Run Behavior\ContentReplaceBehavior [ RunTime:0.000089s ]
INFO: [ template_filter ] --END-- [ RunTime:0.000137s ]
INFO: Run Behavior\ParseTemplateBehavior [ RunTime:0.008567s ]
INFO: [ view_parse ] --END-- [ RunTime:0.008620s ]
INFO: [ view_filter ] --START--
INFO: Run Behavior\WriteHtmlCacheBehavior [ RunTime:0.000596s ]
INFO: [ view_filter ] --END-- [ RunTime:0.000648s ]
INFO: [ app_end ] --START--
INFO: Run Behavior\ShowPageTraceBehavior [ RunTime:0.000817s ]
INFO: [ app_end ] --END-- [ RunTime:0.000864s ]

[ 2017-11-12T18:59:49+08:00 ] 127.0.0.1 /Admin/Order/send/order_id/22.html
INFO: [ app_init ] --START--
INFO: Run Behavior\BuildLiteBehavior [ RunTime:0.000016s ]
INFO: [ app_init ] --END-- [ RunTime:0.000510s ]
INFO: [ app_begin ] --START--
INFO: Run Behavior\ReadHtmlCacheBehavior [ RunTime:0.000505s ]
INFO: [ app_begin ] --END-- [ RunTime:0.000570s ]
SQL: SHOW COLUMNS FROM `jx_admin_role` [ RunTime:0.0061s ]
SQL: SELECT * FROM `jx_admin_role` WHERE ( admin_id=1 ) LIMIT 1   [ RunTime:0.0002s ]
SQL: SELECT * FROM `jx_rule`  [ RunTime:0.0003s ]
SQL: SHOW COLUMNS FROM `jx_order` [ RunTime:0.0062s ]
SQL: SELECT a.*,b.username FROM jx_order a left join jx_user b on a.user_id=b.id  WHERE ( a.id=22 ) LIMIT 1   [ RunTime:0.0002s ]
INFO: [ view_parse ] --START--
INFO: [ template_filter ] --START--
INFO: Run Behavior\ContentReplaceBehavior [ RunTime:0.000072s ]
INFO: [ template_filter ] --END-- [ RunTime:0.000118s ]
INFO: Run Behavior\ParseTemplateBehavior [ RunTime:0.008680s ]
INFO: [ view_parse ] --END-- [ RunTime:0.008737s ]
INFO: [ view_filter ] --START--
INFO: Run Behavior\WriteHtmlCacheBehavior [ RunTime:0.000630s ]
INFO: [ view_filter ] --END-- [ RunTime:0.000669s ]
INFO: [ app_end ] --START--
INFO: Run Behavior\ShowPageTraceBehavior [ RunTime:0.000815s ]
INFO: [ app_end ] --END-- [ RunTime:0.000856s ]

[ 2017-11-12T19:11:58+08:00 ] 127.0.0.1 /Admin/Order/send/order_id/22.html
INFO: [ app_init ] --START--
INFO: Run Behavior\BuildLiteBehavior [ RunTime:0.000017s ]
INFO: [ app_init ] --END-- [ RunTime:0.000647s ]
INFO: [ app_begin ] --START--
INFO: Run Behavior\ReadHtmlCacheBehavior [ RunTime:0.001123s ]
INFO: [ app_begin ] --END-- [ RunTime:0.001201s ]
SQL: SHOW COLUMNS FROM `jx_admin_role` [ RunTime:0.0060s ]
SQL: SELECT * FROM `jx_admin_role` WHERE ( admin_id=1 ) LIMIT 1   [ RunTime:0.0002s ]
SQL: SELECT * FROM `jx_rule`  [ RunTime:0.0003s ]
SQL: SHOW COLUMNS FROM `jx_order` [ RunTime:0.0065s ]
SQL: SELECT a.*,b.username FROM jx_order a left join jx_user b on a.user_id=b.id  WHERE ( a.id=22 ) LIMIT 1   [ RunTime:0.0002s ]
INFO: [ view_parse ] --START--
INFO: [ template_filter ] --START--
INFO: Run Behavior\ContentReplaceBehavior [ RunTime:0.000072s ]
INFO: [ template_filter ] --END-- [ RunTime:0.000123s ]
INFO: Run Behavior\ParseTemplateBehavior [ RunTime:0.008847s ]
INFO: [ view_parse ] --END-- [ RunTime:0.008931s ]
INFO: [ view_filter ] --START--
INFO: Run Behavior\WriteHtmlCacheBehavior [ RunTime:0.000555s ]
INFO: [ view_filter ] --END-- [ RunTime:0.000598s ]
INFO: [ app_end ] --START--
INFO: Run Behavior\ShowPageTraceBehavior [ RunTime:0.000755s ]
INFO: [ app_end ] --END-- [ RunTime:0.000802s ]

[ 2017-11-12T19:39:41+08:00 ] 127.0.0.1 /Admin/Order/send/order_id/22.html
INFO: [ app_init ] --START--
INFO: Run Behavior\BuildLiteBehavior [ RunTime:0.000017s ]
INFO: [ app_init ] --END-- [ RunTime:0.000623s ]
INFO: [ app_begin ] --START--
INFO: Run Behavior\ReadHtmlCacheBehavior [ RunTime:0.000961s ]
INFO: [ app_begin ] --END-- [ RunTime:0.001030s ]
SQL: SHOW COLUMNS FROM `jx_admin_role` [ RunTime:0.0059s ]
SQL: SELECT * FROM `jx_admin_role` WHERE ( admin_id=1 ) LIMIT 1   [ RunTime:0.0002s ]
SQL: SELECT * FROM `jx_rule`  [ RunTime:0.0003s ]
SQL: SHOW COLUMNS FROM `jx_order` [ RunTime:0.0064s ]
SQL: SELECT * FROM `jx_order` WHERE ( id=22 ) LIMIT 1   [ RunTime:0.0004s ]
SQL: UPDATE `jx_order` SET `com`='顺丰',`no`='sf',`order_status`='2' WHERE ( id=22 ) [ RunTime:0.0005s ]
INFO: [ view_parse ] --START--
INFO: [ template_filter ] --START--
INFO: Run Behavior\ContentReplaceBehavior [ RunTime:0.000053s ]
INFO: [ template_filter ] --END-- [ RunTime:0.000101s ]
INFO: Run Behavior\ParseTemplateBehavior [ RunTime:0.007525s ]
INFO: [ view_parse ] --END-- [ RunTime:0.007579s ]
INFO: [ view_filter ] --START--
INFO: Run Behavior\WriteHtmlCacheBehavior [ RunTime:0.000628s ]
INFO: [ view_filter ] --END-- [ RunTime:0.000665s ]
INFO: [ app_end ] --START--
INFO: Run Behavior\ShowPageTraceBehavior [ RunTime:0.000847s ]
INFO: [ app_end ] --END-- [ RunTime:0.000888s ]

[ 2017-11-12T19:39:42+08:00 ] 127.0.0.1 /Admin/Order/send/order_id/22.html
INFO: [ app_init ] --START--
INFO: Run Behavior\BuildLiteBehavior [ RunTime:0.000014s ]
INFO: [ app_init ] --END-- [ RunTime:0.000395s ]
INFO: [ app_begin ] --START--
INFO: Run Behavior\ReadHtmlCacheBehavior [ RunTime:0.000472s ]
INFO: [ app_begin ] --END-- [ RunTime:0.000518s ]
SQL: SHOW COLUMNS FROM `jx_admin_role` [ RunTime:0.0063s ]
SQL: SELECT * FROM `jx_admin_role` WHERE ( admin_id=1 ) LIMIT 1   [ RunTime:0.0002s ]
SQL: SELECT * FROM `jx_rule`  [ RunTime:0.0003s ]
SQL: SHOW COLUMNS FROM `jx_order` [ RunTime:0.0064s ]
SQL: SELECT a.*,b.username FROM jx_order a left join jx_user b on a.user_id=b.id  WHERE ( a.id=22 ) LIMIT 1   [ RunTime:0.0005s ]
INFO: [ view_parse ] --START--
INFO: [ template_filter ] --START--
INFO: Run Behavior\ContentReplaceBehavior [ RunTime:0.000072s ]
INFO: [ template_filter ] --END-- [ RunTime:0.000119s ]
INFO: Run Behavior\ParseTemplateBehavior [ RunTime:0.009169s ]
INFO: [ view_parse ] --END-- [ RunTime:0.009222s ]
INFO: [ view_filter ] --START--
INFO: Run Behavior\WriteHtmlCacheBehavior [ RunTime:0.000623s ]
INFO: [ view_filter ] --END-- [ RunTime:0.000661s ]
INFO: [ app_end ] --START--
INFO: Run Behavior\ShowPageTraceBehavior [ RunTime:0.000813s ]
INFO: [ app_end ] --END-- [ RunTime:0.000855s ]

[ 2017-11-12T20:56:11+08:00 ] 127.0.0.1 /Admin/Goods/setNumber/goods_id/36.html
INFO: [ app_init ] --START--
INFO: Run Behavior\BuildLiteBehavior [ RunTime:0.000017s ]
INFO: [ app_init ] --END-- [ RunTime:0.000634s ]
INFO: [ app_begin ] --START--
INFO: Run Behavior\ReadHtmlCacheBehavior [ RunTime:0.001019s ]
INFO: [ app_begin ] --END-- [ RunTime:0.001080s ]
SQL: SHOW COLUMNS FROM `jx_admin_role` [ RunTime:0.0058s ]
SQL: SELECT * FROM `jx_admin_role` WHERE ( admin_id=1 ) LIMIT 1   [ RunTime:0.0001s ]
SQL: SELECT * FROM `jx_rule`  [ RunTime:0.0002s ]
SQL: SELECT a.*,`attr_name`,`attr_type`,`attr_input_type`,`attr_value` FROM jx_goods_attr a left join jx_attribute b on a.attr_id=b.id  WHERE ( a.goods_id=36 and b.attr_type=2 )  [ RunTime:0.0007s ]
SQL: SHOW COLUMNS FROM `jx_goods_number` [ RunTime:0.0061s ]
SQL: SELECT * FROM `jx_goods_number` WHERE ( goods_id=36 )  [ RunTime:0.0003s ]
INFO: [ view_parse ] --START--
INFO: [ template_filter ] --START--
INFO: Run Behavior\ContentReplaceBehavior [ RunTime:0.000085s ]
INFO: [ template_filter ] --END-- [ RunTime:0.000137s ]
INFO: Run Behavior\ParseTemplateBehavior [ RunTime:0.018718s ]
INFO: [ view_parse ] --END-- [ RunTime:0.018773s ]
INFO: [ view_filter ] --START--
INFO: Run Behavior\WriteHtmlCacheBehavior [ RunTime:0.000634s ]
INFO: [ view_filter ] --END-- [ RunTime:0.000675s ]
INFO: [ app_end ] --START--
INFO: Run Behavior\ShowPageTraceBehavior [ RunTime:0.000903s ]
INFO: [ app_end ] --END-- [ RunTime:0.000944s ]

[ 2017-11-12T20:56:17+08:00 ] 127.0.0.1 /Admin/Goods
INFO: [ app_init ] --START--
INFO: Run Behavior\BuildLiteBehavior [ RunTime:0.000014s ]
INFO: [ app_init ] --END-- [ RunTime:0.000527s ]
INFO: [ app_begin ] --START--
INFO: Run Behavior\ReadHtmlCacheBehavior [ RunTime:0.000758s ]
INFO: [ app_begin ] --END-- [ RunTime:0.000806s ]
SQL: SHOW COLUMNS FROM `jx_admin_role` [ RunTime:0.0055s ]
SQL: SELECT * FROM `jx_admin_role` WHERE ( admin_id=1 ) LIMIT 1   [ RunTime:0.0002s ]
SQL: SELECT * FROM `jx_rule`  [ RunTime:0.0003s ]
SQL: SELECT * FROM `jx_category`  [ RunTime:0.0002s ]
NOTIC: [2048] Declaration of Admin\Model\GoodsModel::_before_insert() should be compatible with Think\Model::_before_insert(&$data, $options) E:\practice\jxshop\Application\Admin\Model\GoodsModel.class.php 第 381 行.
NOTIC: [2048] Declaration of Admin\Model\GoodsModel::_after_insert() should be compatible with Think\Model::_after_insert($data, $options) E:\practice\jxshop\Application\Admin\Model\GoodsModel.class.php 第 381 行.
SQL: SHOW COLUMNS FROM `jx_goods` [ RunTime:0.0065s ]
SQL: SELECT COUNT(*) AS tp_count FROM `jx_goods` WHERE ( isdel=1 ) LIMIT 1   [ RunTime:0.0004s ]
SQL: SELECT * FROM `jx_goods` WHERE ( isdel=1 ) LIMIT 0,3   [ RunTime:0.0006s ]
INFO: [ view_parse ] --START--
INFO: [ template_filter ] --START--
INFO: Run Behavior\ContentReplaceBehavior [ RunTime:0.000238s ]
INFO: [ template_filter ] --END-- [ RunTime:0.000374s ]
NOTIC: [8] Undefined index: cate_id E:\practice\jxshop\Application\Runtime\Cache\Admin\9ce8eac8d2713f300aacb86a396bc850.php 第 26 行.
NOTIC: [8] Undefined index: cate_id E:\practice\jxshop\Application\Runtime\Cache\Admin\9ce8eac8d2713f300aacb86a396bc850.php 第 26 行.
NOTIC: [8] Undefined index: cate_id E:\practice\jxshop\Application\Runtime\Cache\Admin\9ce8eac8d2713f300aacb86a396bc850.php 第 26 行.
NOTIC: [8] Undefined index: cate_id E:\practice\jxshop\Application\Runtime\Cache\Admin\9ce8eac8d2713f300aacb86a396bc850.php 第 26 行.
NOTIC: [8] Undefined index: cate_id E:\practice\jxshop\Application\Runtime\Cache\Admin\9ce8eac8d2713f300aacb86a396bc850.php 第 26 行.
NOTIC: [8] Undefined index: cate_id E:\practice\jxshop\Application\Runtime\Cache\Admin\9ce8eac8d2713f300aacb86a396bc850.php 第 26 行.
NOTIC: [8] Undefined index: cate_id E:\practice\jxshop\Application\Runtime\Cache\Admin\9ce8eac8d2713f300aacb86a396bc850.php 第 26 行.
NOTIC: [8] Undefined index: cate_id E:\practice\jxshop\Application\Runtime\Cache\Admin\9ce8eac8d2713f300aacb86a396bc850.php 第 26 行.
NOTIC: [8] Undefined index: cate_id E:\practice\jxshop\Application\Runtime\Cache\Admin\9ce8eac8d2713f300aacb86a396bc850.php 第 26 行.
NOTIC: [8] Undefined index: cate_id E:\practice\jxshop\Application\Runtime\Cache\Admin\9ce8eac8d2713f300aacb86a396bc850.php 第 26 行.
NOTIC: [8] Undefined index: cate_id E:\practice\jxshop\Application\Runtime\Cache\Admin\9ce8eac8d2713f300aacb86a396bc850.php 第 26 行.
NOTIC: [8] Undefined index: cate_id E:\practice\jxshop\Application\Runtime\Cache\Admin\9ce8eac8d2713f300aacb86a396bc850.php 第 26 行.
NOTIC: [8] Undefined index: cate_id E:\practice\jxshop\Application\Runtime\Cache\Admin\9ce8eac8d2713f300aacb86a396bc850.php 第 26 行.
NOTIC: [8] Undefined index: cate_id E:\practice\jxshop\Application\Runtime\Cache\Admin\9ce8eac8d2713f300aacb86a396bc850.php 第 26 行.
NOTIC: [8] Undefined index: cate_id E:\practice\jxshop\Application\Runtime\Cache\Admin\9ce8eac8d2713f300aacb86a396bc850.php 第 26 行.
NOTIC: [8] Undefined index: cate_id E:\practice\jxshop\Application\Runtime\Cache\Admin\9ce8eac8d2713f300aacb86a396bc850.php 第 26 行.
NOTIC: [8] Undefined index: cate_id E:\practice\jxshop\Application\Runtime\Cache\Admin\9ce8eac8d2713f300aacb86a396bc850.php 第 26 行.
NOTIC: [8] Undefined index: intro_type E:\practice\jxshop\Application\Runtime\Cache\Admin\9ce8eac8d2713f300aacb86a396bc850.php 第 32 行.
NOTIC: [8] Undefined index: intro_type E:\practice\jxshop\Application\Runtime\Cache\Admin\9ce8eac8d2713f300aacb86a396bc850.php 第 33 行.
NOTIC: [8] Undefined index: intro_type E:\practice\jxshop\Application\Runtime\Cache\Admin\9ce8eac8d2713f300aacb86a396bc850.php 第 34 行.
NOTIC: [8] Undefined index: is_sale E:\practice\jxshop\Application\Runtime\Cache\Admin\9ce8eac8d2713f300aacb86a396bc850.php 第 39 行.
NOTIC: [8] Undefined index: is_sale E:\practice\jxshop\Application\Runtime\Cache\Admin\9ce8eac8d2713f300aacb86a396bc850.php 第 40 行.
NOTIC: [8] Undefined index: keyword E:\practice\jxshop\Application\Runtime\Cache\Admin\9ce8eac8d2713f300aacb86a396bc850.php 第 43 行.
INFO: Run Behavior\ParseTemplateBehavior [ RunTime:0.032999s ]
INFO: [ view_parse ] --END-- [ RunTime:0.033098s ]
INFO: [ view_filter ] --START--
INFO: Run Behavior\WriteHtmlCacheBehavior [ RunTime:0.001543s ]
INFO: [ view_filter ] --END-- [ RunTime:0.001631s ]
INFO: [ app_end ] --START--
INFO: Run Behavior\ShowPageTraceBehavior [ RunTime:0.002053s ]
INFO: [ app_end ] --END-- [ RunTime:0.002169s ]

[ 2017-11-12T20:56:23+08:00 ] 127.0.0.1 /Admin/order/index.html
INFO: [ app_init ] --START--
INFO: Run Behavior\BuildLiteBehavior [ RunTime:0.000014s ]
INFO: [ app_init ] --END-- [ RunTime:0.000504s ]
INFO: [ app_begin ] --START--
INFO: Run Behavior\ReadHtmlCacheBehavior [ RunTime:0.000746s ]
INFO: [ app_begin ] --END-- [ RunTime:0.000791s ]
SQL: SHOW COLUMNS FROM `jx_admin_role` [ RunTime:0.0056s ]
SQL: SELECT * FROM `jx_admin_role` WHERE ( admin_id=1 ) LIMIT 1   [ RunTime:0.0001s ]
SQL: SELECT * FROM `jx_rule`  [ RunTime:0.0002s ]
SQL: SHOW COLUMNS FROM `jx_order` [ RunTime:0.0064s ]
SQL: SELECT * FROM `jx_order`  [ RunTime:0.0003s ]
INFO: [ view_parse ] --START--
INFO: [ template_filter ] --START--
INFO: Run Behavior\ContentReplaceBehavior [ RunTime:0.000057s ]
INFO: [ template_filter ] --END-- [ RunTime:0.000107s ]
INFO: Run Behavior\ParseTemplateBehavior [ RunTime:0.008920s ]
INFO: [ view_parse ] --END-- [ RunTime:0.008981s ]
INFO: [ view_filter ] --START--
INFO: Run Behavior\WriteHtmlCacheBehavior [ RunTime:0.000511s ]
INFO: [ view_filter ] --END-- [ RunTime:0.000554s ]
INFO: [ app_end ] --START--
INFO: Run Behavior\ShowPageTraceBehavior [ RunTime:0.000723s ]
INFO: [ app_end ] --END-- [ RunTime:0.000766s ]

[ 2017-11-12T20:56:32+08:00 ] 127.0.0.1 /Admin/Order/send/order_id/22.html
INFO: [ app_init ] --START--
INFO: Run Behavior\BuildLiteBehavior [ RunTime:0.000017s ]
INFO: [ app_init ] --END-- [ RunTime:0.000504s ]
INFO: [ app_begin ] --START--
INFO: Run Behavior\ReadHtmlCacheBehavior [ RunTime:0.000619s ]
INFO: [ app_begin ] --END-- [ RunTime:0.000676s ]
SQL: SHOW COLUMNS FROM `jx_admin_role` [ RunTime:0.0063s ]
SQL: SELECT * FROM `jx_admin_role` WHERE ( admin_id=1 ) LIMIT 1   [ RunTime:0.0002s ]
SQL: SELECT * FROM `jx_rule`  [ RunTime:0.0003s ]
SQL: SHOW COLUMNS FROM `jx_order` [ RunTime:0.0062s ]
SQL: SELECT a.*,b.username FROM jx_order a left join jx_user b on a.user_id=b.id  WHERE ( a.id=22 ) LIMIT 1   [ RunTime:0.0006s ]
INFO: [ view_parse ] --START--
INFO: [ template_filter ] --START--
INFO: Run Behavior\ContentReplaceBehavior [ RunTime:0.000074s ]
INFO: [ template_filter ] --END-- [ RunTime:0.000116s ]
INFO: Run Behavior\ParseTemplateBehavior [ RunTime:0.009064s ]
INFO: [ view_parse ] --END-- [ RunTime:0.009123s ]
INFO: [ view_filter ] --START--
INFO: Run Behavior\WriteHtmlCacheBehavior [ RunTime:0.000621s ]
INFO: [ view_filter ] --END-- [ RunTime:0.000660s ]
INFO: [ app_end ] --START--
INFO: Run Behavior\ShowPageTraceBehavior [ RunTime:0.000806s ]
INFO: [ app_end ] --END-- [ RunTime:0.000848s ]

[ 2017-11-12T21:04:42+08:00 ] 127.0.0.1 /Admin/Order/send/order_id/22.html
INFO: [ app_init ] --START--
INFO: Run Behavior\BuildLiteBehavior [ RunTime:0.000017s ]
INFO: [ app_init ] --END-- [ RunTime:0.000621s ]
INFO: [ app_begin ] --START--
INFO: Run Behavior\ReadHtmlCacheBehavior [ RunTime:0.000973s ]
INFO: [ app_begin ] --END-- [ RunTime:0.001037s ]
SQL: SHOW COLUMNS FROM `jx_admin_role` [ RunTime:0.0058s ]
SQL: SELECT * FROM `jx_admin_role` WHERE ( admin_id=1 ) LIMIT 1   [ RunTime:0.0002s ]
SQL: SELECT * FROM `jx_rule`  [ RunTime:0.0002s ]
SQL: SHOW COLUMNS FROM `jx_order` [ RunTime:0.0059s ]
SQL: SELECT a.*,b.username FROM jx_order a left join jx_user b on a.user_id=b.id  WHERE ( a.id=22 ) LIMIT 1   [ RunTime:0.0002s ]
INFO: [ view_parse ] --START--
INFO: [ template_filter ] --START--
INFO: Run Behavior\ContentReplaceBehavior [ RunTime:0.000079s ]
INFO: [ template_filter ] --END-- [ RunTime:0.000128s ]
INFO: Run Behavior\ParseTemplateBehavior [ RunTime:0.009397s ]
INFO: [ view_parse ] --END-- [ RunTime:0.009449s ]
INFO: [ view_filter ] --START--
INFO: Run Behavior\WriteHtmlCacheBehavior [ RunTime:0.000616s ]
INFO: [ view_filter ] --END-- [ RunTime:0.000656s ]
INFO: [ app_end ] --START--
INFO: Run Behavior\ShowPageTraceBehavior [ RunTime:0.000802s ]
INFO: [ app_end ] --END-- [ RunTime:0.000845s ]

[ 2017-11-12T21:06:25+08:00 ] 127.0.0.1 /Admin/Order/send/order_id/22.html
INFO: [ app_init ] --START--
INFO: Run Behavior\BuildLiteBehavior [ RunTime:0.000016s ]
INFO: [ app_init ] --END-- [ RunTime:0.000611s ]
INFO: [ app_begin ] --START--
INFO: Run Behavior\ReadHtmlCacheBehavior [ RunTime:0.000994s ]
INFO: [ app_begin ] --END-- [ RunTime:0.001060s ]
SQL: SHOW COLUMNS FROM `jx_admin_role` [ RunTime:0.0060s ]
SQL: SELECT * FROM `jx_admin_role` WHERE ( admin_id=1 ) LIMIT 1   [ RunTime:0.0002s ]
SQL: SELECT * FROM `jx_rule`  [ RunTime:0.0003s ]
SQL: SHOW COLUMNS FROM `jx_order` [ RunTime:0.0060s ]
SQL: SELECT a.*,b.username FROM jx_order a left join jx_user b on a.user_id=b.id  WHERE ( a.id=22 ) LIMIT 1   [ RunTime:0.0002s ]
INFO: [ view_parse ] --START--
INFO: [ template_filter ] --START--
INFO: Run Behavior\ContentReplaceBehavior [ RunTime:0.000080s ]
INFO: [ template_filter ] --END-- [ RunTime:0.000133s ]
INFO: Run Behavior\ParseTemplateBehavior [ RunTime:0.008854s ]
INFO: [ view_parse ] --END-- [ RunTime:0.008910s ]
INFO: [ view_filter ] --START--
INFO: Run Behavior\WriteHtmlCacheBehavior [ RunTime:0.000475s ]
INFO: [ view_filter ] --END-- [ RunTime:0.000515s ]
INFO: [ app_end ] --START--
INFO: Run Behavior\ShowPageTraceBehavior [ RunTime:0.000653s ]
INFO: [ app_end ] --END-- [ RunTime:0.000695s ]

[ 2017-11-12T21:06:42+08:00 ] 127.0.0.1 /Admin/Order/send/order_id/22.html
INFO: [ app_init ] --START--
INFO: Run Behavior\BuildLiteBehavior [ RunTime:0.000017s ]
INFO: [ app_init ] --END-- [ RunTime:0.000627s ]
INFO: [ app_begin ] --START--
INFO: Run Behavior\ReadHtmlCacheBehavior [ RunTime:0.000994s ]
INFO: [ app_begin ] --END-- [ RunTime:0.001055s ]
SQL: SHOW COLUMNS FROM `jx_admin_role` [ RunTime:0.0057s ]
SQL: SELECT * FROM `jx_admin_role` WHERE ( admin_id=1 ) LIMIT 1   [ RunTime:0.0002s ]
SQL: SELECT * FROM `jx_rule`  [ RunTime:0.0002s ]
SQL: SHOW COLUMNS FROM `jx_order` [ RunTime:0.0057s ]
SQL: SELECT a.*,b.username FROM jx_order a left join jx_user b on a.user_id=b.id  WHERE ( a.id=22 ) LIMIT 1   [ RunTime:0.0002s ]
INFO: [ view_parse ] --START--
INFO: [ template_filter ] --START--
INFO: Run Behavior\ContentReplaceBehavior [ RunTime:0.000078s ]
INFO: [ template_filter ] --END-- [ RunTime:0.000128s ]
INFO: Run Behavior\ParseTemplateBehavior [ RunTime:0.009075s ]
INFO: [ view_parse ] --END-- [ RunTime:0.009127s ]
INFO: [ view_filter ] --START--
INFO: Run Behavior\WriteHtmlCacheBehavior [ RunTime:0.000673s ]
INFO: [ view_filter ] --END-- [ RunTime:0.000714s ]
INFO: [ app_end ] --START--
INFO: Run Behavior\ShowPageTraceBehavior [ RunTime:0.000825s ]
INFO: [ app_end ] --END-- [ RunTime:0.000866s ]

[ 2017-11-12T21:06:50+08:00 ] 127.0.0.1 /Admin/Order/send/order_id/22.html
INFO: [ app_init ] --START--
INFO: Run Behavior\BuildLiteBehavior [ RunTime:0.000018s ]
INFO: [ app_init ] --END-- [ RunTime:0.000639s ]
INFO: [ app_begin ] --START--
INFO: Run Behavior\ReadHtmlCacheBehavior [ RunTime:0.001014s ]
INFO: [ app_begin ] --END-- [ RunTime:0.001084s ]
SQL: SHOW COLUMNS FROM `jx_admin_role` [ RunTime:0.0057s ]
SQL: SELECT * FROM `jx_admin_role` WHERE ( admin_id=1 ) LIMIT 1   [ RunTime:0.0001s ]
SQL: SELECT * FROM `jx_rule`  [ RunTime:0.0002s ]
SQL: SHOW COLUMNS FROM `jx_order` [ RunTime:0.0060s ]
SQL: SELECT a.*,b.username FROM jx_order a left join jx_user b on a.user_id=b.id  WHERE ( a.id=22 ) LIMIT 1   [ RunTime:0.0002s ]
INFO: [ view_parse ] --START--
INFO: [ template_filter ] --START--
INFO: Run Behavior\ContentReplaceBehavior [ RunTime:0.000078s ]
INFO: [ template_filter ] --END-- [ RunTime:0.000123s ]
INFO: Run Behavior\ParseTemplateBehavior [ RunTime:0.009060s ]
INFO: [ view_parse ] --END-- [ RunTime:0.009110s ]
INFO: [ view_filter ] --START--
INFO: Run Behavior\WriteHtmlCacheBehavior [ RunTime:0.000629s ]
INFO: [ view_filter ] --END-- [ RunTime:0.000670s ]
INFO: [ app_end ] --START--
INFO: Run Behavior\ShowPageTraceBehavior [ RunTime:0.000850s ]
INFO: [ app_end ] --END-- [ RunTime:0.000894s ]

[ 2017-11-12T21:07:48+08:00 ] 127.0.0.1 /Admin/Order/send/order_id/22.html
INFO: [ app_init ] --START--
INFO: Run Behavior\BuildLiteBehavior [ RunTime:0.000018s ]
INFO: [ app_init ] --END-- [ RunTime:0.000543s ]
INFO: [ app_begin ] --START--
INFO: Run Behavior\ReadHtmlCacheBehavior [ RunTime:0.000648s ]
INFO: [ app_begin ] --END-- [ RunTime:0.000710s ]
SQL: SHOW COLUMNS FROM `jx_admin_role` [ RunTime:0.0059s ]
SQL: SELECT * FROM `jx_admin_role` WHERE ( admin_id=1 ) LIMIT 1   [ RunTime:0.0002s ]
SQL: SELECT * FROM `jx_rule`  [ RunTime:0.0002s ]
SQL: SHOW COLUMNS FROM `jx_order` [ RunTime:0.0062s ]
SQL: SELECT a.*,b.username FROM jx_order a left join jx_user b on a.user_id=b.id  WHERE ( a.id=22 ) LIMIT 1   [ RunTime:0.0002s ]
INFO: [ view_parse ] --START--
INFO: [ template_filter ] --START--
INFO: Run Behavior\ContentReplaceBehavior [ RunTime:0.000086s ]
INFO: [ template_filter ] --END-- [ RunTime:0.000160s ]
INFO: Run Behavior\ParseTemplateBehavior [ RunTime:0.009062s ]
INFO: [ view_parse ] --END-- [ RunTime:0.009118s ]
INFO: [ view_filter ] --START--
INFO: Run Behavior\WriteHtmlCacheBehavior [ RunTime:0.000625s ]
INFO: [ view_filter ] --END-- [ RunTime:0.000664s ]
INFO: [ app_end ] --START--
INFO: Run Behavior\ShowPageTraceBehavior [ RunTime:0.000811s ]
INFO: [ app_end ] --END-- [ RunTime:0.000853s ]

[ 2017-11-12T21:17:48+08:00 ] 127.0.0.1 /Admin/Order/send/order_id/22.html
INFO: [ app_init ] --START--
INFO: Run Behavior\BuildLiteBehavior [ RunTime:0.000012s ]
INFO: [ app_init ] --END-- [ RunTime:0.000474s ]
INFO: [ app_begin ] --START--
INFO: Run Behavior\ReadHtmlCacheBehavior [ RunTime:0.000825s ]
INFO: [ app_begin ] --END-- [ RunTime:0.000881s ]
SQL: SHOW COLUMNS FROM `jx_admin_role` [ RunTime:0.0060s ]
SQL: SELECT * FROM `jx_admin_role` WHERE ( admin_id=1 ) LIMIT 1   [ RunTime:0.0002s ]
SQL: SELECT * FROM `jx_rule`  [ RunTime:0.0003s ]
SQL: SHOW COLUMNS FROM `jx_order` [ RunTime:0.0064s ]
SQL: SELECT a.*,b.username FROM jx_order a left join jx_user b on a.user_id=b.id  WHERE ( a.id=22 ) LIMIT 1   [ RunTime:0.0002s ]
INFO: [ view_parse ] --START--
INFO: [ template_filter ] --START--
INFO: Run Behavior\ContentReplaceBehavior [ RunTime:0.000086s ]
INFO: [ template_filter ] --END-- [ RunTime:0.000142s ]
INFO: Run Behavior\ParseTemplateBehavior [ RunTime:0.010171s ]
INFO: [ view_parse ] --END-- [ RunTime:0.010229s ]
INFO: [ view_filter ] --START--
INFO: Run Behavior\WriteHtmlCacheBehavior [ RunTime:0.000636s ]
INFO: [ view_filter ] --END-- [ RunTime:0.000675s ]
INFO: [ app_end ] --START--
INFO: Run Behavior\ShowPageTraceBehavior [ RunTime:0.000831s ]
INFO: [ app_end ] --END-- [ RunTime:0.000874s ]

[ 2017-11-12T21:18:19+08:00 ] 127.0.0.1 /Admin/Order/send/order_id/22.html
INFO: [ app_init ] --START--
INFO: Run Behavior\BuildLiteBehavior [ RunTime:0.000016s ]
INFO: [ app_init ] --END-- [ RunTime:0.000523s ]
INFO: [ app_begin ] --START--
INFO: Run Behavior\ReadHtmlCacheBehavior [ RunTime:0.000615s ]
INFO: [ app_begin ] --END-- [ RunTime:0.000672s ]
SQL: SHOW COLUMNS FROM `jx_admin_role` [ RunTime:0.0059s ]
SQL: SELECT * FROM `jx_admin_role` WHERE ( admin_id=1 ) LIMIT 1   [ RunTime:0.0002s ]
SQL: SELECT * FROM `jx_rule`  [ RunTime:0.0002s ]
SQL: SHOW COLUMNS FROM `jx_order` [ RunTime:0.0058s ]
SQL: SELECT a.*,b.username FROM jx_order a left join jx_user b on a.user_id=b.id  WHERE ( a.id=22 ) LIMIT 1   [ RunTime:0.0002s ]
INFO: [ view_parse ] --START--
INFO: [ template_filter ] --START--
INFO: Run Behavior\ContentReplaceBehavior [ RunTime:0.000087s ]
INFO: [ template_filter ] --END-- [ RunTime:0.000138s ]
INFO: Run Behavior\ParseTemplateBehavior [ RunTime:0.009550s ]
INFO: [ view_parse ] --END-- [ RunTime:0.009601s ]
INFO: [ view_filter ] --START--
INFO: Run Behavior\WriteHtmlCacheBehavior [ RunTime:0.000624s ]
INFO: [ view_filter ] --END-- [ RunTime:0.000663s ]
INFO: [ app_end ] --START--
INFO: Run Behavior\ShowPageTraceBehavior [ RunTime:0.001889s ]
INFO: [ app_end ] --END-- [ RunTime:0.001968s ]

[ 2017-11-12T21:18:47+08:00 ] 127.0.0.1 /Admin/Order/send/order_id/22.html
INFO: [ app_init ] --START--
INFO: Run Behavior\BuildLiteBehavior [ RunTime:0.000016s ]
INFO: [ app_init ] --END-- [ RunTime:0.000504s ]
INFO: [ app_begin ] --START--
INFO: Run Behavior\ReadHtmlCacheBehavior [ RunTime:0.000623s ]
INFO: [ app_begin ] --END-- [ RunTime:0.000683s ]
SQL: SHOW COLUMNS FROM `jx_admin_role` [ RunTime:0.0057s ]
SQL: SELECT * FROM `jx_admin_role` WHERE ( admin_id=1 ) LIMIT 1   [ RunTime:0.0002s ]
SQL: SELECT * FROM `jx_rule`  [ RunTime:0.0003s ]
SQL: SHOW COLUMNS FROM `jx_order` [ RunTime:0.0061s ]
SQL: SELECT a.*,b.username FROM jx_order a left join jx_user b on a.user_id=b.id  WHERE ( a.id=22 ) LIMIT 1   [ RunTime:0.0002s ]
INFO: [ view_parse ] --START--
INFO: [ template_filter ] --START--
INFO: Run Behavior\ContentReplaceBehavior [ RunTime:0.000086s ]
INFO: [ template_filter ] --END-- [ RunTime:0.000137s ]
INFO: Run Behavior\ParseTemplateBehavior [ RunTime:0.009502s ]
INFO: [ view_parse ] --END-- [ RunTime:0.009560s ]
INFO: [ view_filter ] --START--
INFO: Run Behavior\WriteHtmlCacheBehavior [ RunTime:0.000637s ]
INFO: [ view_filter ] --END-- [ RunTime:0.000679s ]
INFO: [ app_end ] --START--
INFO: Run Behavior\ShowPageTraceBehavior [ RunTime:0.000849s ]
INFO: [ app_end ] --END-- [ RunTime:0.000891s ]

[ 2017-11-12T21:19:04+08:00 ] 127.0.0.1 /Admin/Order/send/order_id/22.html
INFO: [ app_init ] --START--
INFO: Run Behavior\BuildLiteBehavior [ RunTime:0.000016s ]
INFO: [ app_init ] --END-- [ RunTime:0.000500s ]
INFO: [ app_begin ] --START--
INFO: Run Behavior\ReadHtmlCacheBehavior [ RunTime:0.000614s ]
INFO: [ app_begin ] --END-- [ RunTime:0.000672s ]
SQL: SHOW COLUMNS FROM `jx_admin_role` [ RunTime:0.0060s ]
SQL: SELECT * FROM `jx_admin_role` WHERE ( admin_id=1 ) LIMIT 1   [ RunTime:0.0002s ]
SQL: SELECT * FROM `jx_rule`  [ RunTime:0.0003s ]
SQL: SHOW COLUMNS FROM `jx_order` [ RunTime:0.0065s ]
SQL: SELECT a.*,b.username FROM jx_order a left join jx_user b on a.user_id=b.id  WHERE ( a.id=22 ) LIMIT 1   [ RunTime:0.0002s ]
INFO: [ view_parse ] --START--
INFO: [ template_filter ] --START--
INFO: Run Behavior\ContentReplaceBehavior [ RunTime:0.000083s ]
INFO: [ template_filter ] --END-- [ RunTime:0.000132s ]
INFO: Run Behavior\ParseTemplateBehavior [ RunTime:0.009471s ]
INFO: [ view_parse ] --END-- [ RunTime:0.009525s ]
INFO: [ view_filter ] --START--
INFO: Run Behavior\WriteHtmlCacheBehavior [ RunTime:0.000625s ]
INFO: [ view_filter ] --END-- [ RunTime:0.000662s ]
INFO: [ app_end ] --START--
INFO: Run Behavior\ShowPageTraceBehavior [ RunTime:0.000847s ]
INFO: [ app_end ] --END-- [ RunTime:0.000891s ]

[ 2017-11-12T21:19:36+08:00 ] 127.0.0.1 /Admin/Order/send/order_id/22.html
INFO: [ app_init ] --START--
INFO: Run Behavior\BuildLiteBehavior [ RunTime:0.000017s ]
INFO: [ app_init ] --END-- [ RunTime:0.000507s ]
INFO: [ app_begin ] --START--
INFO: Run Behavior\ReadHtmlCacheBehavior [ RunTime:0.000642s ]
INFO: [ app_begin ] --END-- [ RunTime:0.000703s ]
SQL: SHOW COLUMNS FROM `jx_admin_role` [ RunTime:0.0061s ]
SQL: SELECT * FROM `jx_admin_role` WHERE ( admin_id=1 ) LIMIT 1   [ RunTime:0.0002s ]
SQL: SELECT * FROM `jx_rule`  [ RunTime:0.0002s ]
SQL: SHOW COLUMNS FROM `jx_order` [ RunTime:0.0062s ]
SQL: SELECT a.*,b.username FROM jx_order a left join jx_user b on a.user_id=b.id  WHERE ( a.id=22 ) LIMIT 1   [ RunTime:0.0002s ]
INFO: [ view_parse ] --START--
INFO: [ template_filter ] --START--
INFO: Run Behavior\ContentReplaceBehavior [ RunTime:0.000083s ]
INFO: [ template_filter ] --END-- [ RunTime:0.000131s ]
INFO: Run Behavior\ParseTemplateBehavior [ RunTime:0.009529s ]
INFO: [ view_parse ] --END-- [ RunTime:0.009587s ]
INFO: [ view_filter ] --START--
INFO: Run Behavior\WriteHtmlCacheBehavior [ RunTime:0.000626s ]
INFO: [ view_filter ] --END-- [ RunTime:0.000666s ]
INFO: [ app_end ] --START--
INFO: Run Behavior\ShowPageTraceBehavior [ RunTime:0.000817s ]
INFO: [ app_end ] --END-- [ RunTime:0.000858s ]

[ 2017-11-12T21:19:39+08:00 ] 127.0.0.1 /Admin/Order/send/order_id/22.html
INFO: [ app_init ] --START--
INFO: Run Behavior\BuildLiteBehavior [ RunTime:0.000016s ]
INFO: [ app_init ] --END-- [ RunTime:0.000500s ]
INFO: [ app_begin ] --START--
INFO: Run Behavior\ReadHtmlCacheBehavior [ RunTime:0.000712s ]
INFO: [ app_begin ] --END-- [ RunTime:0.000772s ]
SQL: SHOW COLUMNS FROM `jx_admin_role` [ RunTime:0.0059s ]
SQL: SELECT * FROM `jx_admin_role` WHERE ( admin_id=1 ) LIMIT 1   [ RunTime:0.0001s ]
SQL: SELECT * FROM `jx_rule`  [ RunTime:0.0002s ]
SQL: SHOW COLUMNS FROM `jx_order` [ RunTime:0.0061s ]
SQL: SELECT a.*,b.username FROM jx_order a left join jx_user b on a.user_id=b.id  WHERE ( a.id=22 ) LIMIT 1   [ RunTime:0.0002s ]
INFO: [ view_parse ] --START--
INFO: [ template_filter ] --START--
INFO: Run Behavior\ContentReplaceBehavior [ RunTime:0.000085s ]
INFO: [ template_filter ] --END-- [ RunTime:0.000138s ]
INFO: Run Behavior\ParseTemplateBehavior [ RunTime:0.009664s ]
INFO: [ view_parse ] --END-- [ RunTime:0.009720s ]
INFO: [ view_filter ] --START--
INFO: Run Behavior\WriteHtmlCacheBehavior [ RunTime:0.000626s ]
INFO: [ view_filter ] --END-- [ RunTime:0.000665s ]
INFO: [ app_end ] --START--
INFO: Run Behavior\ShowPageTraceBehavior [ RunTime:0.000790s ]
INFO: [ app_end ] --END-- [ RunTime:0.000831s ]

[ 2017-11-12T21:19:49+08:00 ] 127.0.0.1 /Admin/Order/send/order_id/22.html
INFO: [ app_init ] --START--
INFO: Run Behavior\BuildLiteBehavior [ RunTime:0.000017s ]
INFO: [ app_init ] --END-- [ RunTime:0.000533s ]
INFO: [ app_begin ] --START--
INFO: Run Behavior\ReadHtmlCacheBehavior [ RunTime:0.000744s ]
INFO: [ app_begin ] --END-- [ RunTime:0.000793s ]
SQL: SHOW COLUMNS FROM `jx_admin_role` [ RunTime:0.0063s ]
SQL: SELECT * FROM `jx_admin_role` WHERE ( admin_id=1 ) LIMIT 1   [ RunTime:0.0002s ]
SQL: SELECT * FROM `jx_rule`  [ RunTime:0.0003s ]
SQL: SHOW COLUMNS FROM `jx_order` [ RunTime:0.0060s ]
SQL: SELECT a.*,b.username FROM jx_order a left join jx_user b on a.user_id=b.id  WHERE ( a.id=22 ) LIMIT 1   [ RunTime:0.0002s ]
INFO: [ view_parse ] --START--
INFO: [ template_filter ] --START--
INFO: Run Behavior\ContentReplaceBehavior [ RunTime:0.000084s ]
INFO: [ template_filter ] --END-- [ RunTime:0.000134s ]
INFO: Run Behavior\ParseTemplateBehavior [ RunTime:0.009820s ]
INFO: [ view_parse ] --END-- [ RunTime:0.009874s ]
INFO: [ view_filter ] --START--
INFO: Run Behavior\WriteHtmlCacheBehavior [ RunTime:0.000623s ]
INFO: [ view_filter ] --END-- [ RunTime:0.000661s ]
INFO: [ app_end ] --START--
INFO: Run Behavior\ShowPageTraceBehavior [ RunTime:0.000808s ]
INFO: [ app_end ] --END-- [ RunTime:0.000850s ]

[ 2017-11-12T21:22:21+08:00 ] 127.0.0.1 /Admin/Order/send/order_id/22.html
INFO: [ app_init ] --START--
INFO: Run Behavior\BuildLiteBehavior [ RunTime:0.000017s ]
INFO: [ app_init ] --END-- [ RunTime:0.000666s ]
INFO: [ app_begin ] --START--
INFO: Run Behavior\ReadHtmlCacheBehavior [ RunTime:0.001015s ]
INFO: [ app_begin ] --END-- [ RunTime:0.001079s ]
SQL: SHOW COLUMNS FROM `jx_admin_role` [ RunTime:0.0062s ]
SQL: SELECT * FROM `jx_admin_role` WHERE ( admin_id=1 ) LIMIT 1   [ RunTime:0.0002s ]
SQL: SELECT * FROM `jx_rule`  [ RunTime:0.0002s ]
SQL: SHOW COLUMNS FROM `jx_order` [ RunTime:0.0061s ]
SQL: SELECT a.*,b.username FROM jx_order a left join jx_user b on a.user_id=b.id  WHERE ( a.id=22 ) LIMIT 1   [ RunTime:0.0002s ]
INFO: [ view_parse ] --START--
INFO: [ template_filter ] --START--
INFO: Run Behavior\ContentReplaceBehavior [ RunTime:0.000190s ]
INFO: [ template_filter ] --END-- [ RunTime:0.000301s ]
INFO: Run Behavior\ParseTemplateBehavior [ RunTime:0.018682s ]
INFO: [ view_parse ] --END-- [ RunTime:0.018789s ]
INFO: [ view_filter ] --START--
INFO: Run Behavior\WriteHtmlCacheBehavior [ RunTime:0.001541s ]
INFO: [ view_filter ] --END-- [ RunTime:0.001631s ]
INFO: [ app_end ] --START--
INFO: Run Behavior\ShowPageTraceBehavior [ RunTime:0.002222s ]
INFO: [ app_end ] --END-- [ RunTime:0.002329s ]

